2025-04-01 19:49:50 - link_collector - ERROR - Критическая ошибка в рабочем потоке: Message: 'chromedriver.exe' executable may have wrong permissions.
Traceback (most recent call last):
  File "C:\Users\priva\Desktop\Zapros2\.venv\Lib\site-packages\selenium\webdriver\common\service.py", line 219, in _start_process
    self.process = subprocess.Popen(
                   ~~~~~~~~~~~~~~~~^
        cmd,
        ^^^^
    ...<7 lines>...
        **self.popen_kw,
        ^^^^^^^^^^^^^^^^
    )
    ^
  File "C:\Users\priva\AppData\Local\Programs\Python\Python313\Lib\subprocess.py", line 1038, in __init__
    self._execute_child(args, executable, preexec_fn, close_fds,
    ~~~~~~~~~~~~~~~~~~~^^^^^^^^^^^^^^^^^^^^^^^^^^^^^^^^^^^^^^^^^
                        pass_fds, cwd, env,
                        ^^^^^^^^^^^^^^^^^^^
    ...<5 lines>...
                        gid, gids, uid, umask,
                        ^^^^^^^^^^^^^^^^^^^^^^
                        start_new_session, process_group)
                        ^^^^^^^^^^^^^^^^^^^^^^^^^^^^^^^^^
  File "C:\Users\priva\AppData\Local\Programs\Python\Python313\Lib\subprocess.py", line 1550, in _execute_child
    hp, ht, pid, tid = _winapi.CreateProcess(executable, args,
                       ~~~~~~~~~~~~~~~~~~~~~^^^^^^^^^^^^^^^^^^
                             # no special security
                             ^^^^^^^^^^^^^^^^^^^^^
    ...<4 lines>...
                             cwd,
                             ^^^^
                             startupinfo)
                             ^^^^^^^^^^^^
PermissionError: [WinError 32] Процесс не может получить доступ к файлу, так как этот файл занят другим процессом

The above exception was the direct cause of the following exception:

Traceback (most recent call last):
  File "C:\Users\priva\Desktop\Zapros2\main.py", line 49, in worker
    driver = WebDriverManager.init_driver()
  File "C:\Users\priva\Desktop\Zapros2\main.py", line 29, in init_driver
    driver = webdriver.Chrome(service=service, options=options)
  File "C:\Users\priva\Desktop\Zapros2\.venv\Lib\site-packages\selenium\webdriver\chrome\webdriver.py", line 45, in __init__
    super().__init__(
    ~~~~~~~~~~~~~~~~^
        browser_name=DesiredCapabilities.CHROME["browserName"],
        ^^^^^^^^^^^^^^^^^^^^^^^^^^^^^^^^^^^^^^^^^^^^^^^^^^^^^^^
    ...<3 lines>...
        keep_alive=keep_alive,
        ^^^^^^^^^^^^^^^^^^^^^^
    )
    ^
  File "C:\Users\priva\Desktop\Zapros2\.venv\Lib\site-packages\selenium\webdriver\chromium\webdriver.py", line 55, in __init__
    self.service.start()
    ~~~~~~~~~~~~~~~~~~^^
  File "C:\Users\priva\Desktop\Zapros2\.venv\Lib\site-packages\selenium\webdriver\common\service.py", line 109, in start
    self._start_process(self._path)
    ~~~~~~~~~~~~~~~~~~~^^^^^^^^^^^^
  File "C:\Users\priva\Desktop\Zapros2\.venv\Lib\site-packages\selenium\webdriver\common\service.py", line 243, in _start_process
    raise WebDriverException(
        f"'{os.path.basename(self._path)}' executable may have wrong permissions."
    ) from err
selenium.common.exceptions.WebDriverException: Message: 'chromedriver.exe' executable may have wrong permissions.

2025-04-01 19:49:50 - link_collector - ERROR - Критическая ошибка в рабочем потоке: Message: 'chromedriver.exe' executable may have wrong permissions.
Traceback (most recent call last):
  File "C:\Users\priva\Desktop\Zapros2\.venv\Lib\site-packages\selenium\webdriver\common\service.py", line 219, in _start_process
    self.process = subprocess.Popen(
                   ~~~~~~~~~~~~~~~~^
        cmd,
        ^^^^
    ...<7 lines>...
        **self.popen_kw,
        ^^^^^^^^^^^^^^^^
    )
    ^
  File "C:\Users\priva\AppData\Local\Programs\Python\Python313\Lib\subprocess.py", line 1038, in __init__
    self._execute_child(args, executable, preexec_fn, close_fds,
    ~~~~~~~~~~~~~~~~~~~^^^^^^^^^^^^^^^^^^^^^^^^^^^^^^^^^^^^^^^^^
                        pass_fds, cwd, env,
                        ^^^^^^^^^^^^^^^^^^^
    ...<5 lines>...
                        gid, gids, uid, umask,
                        ^^^^^^^^^^^^^^^^^^^^^^
                        start_new_session, process_group)
                        ^^^^^^^^^^^^^^^^^^^^^^^^^^^^^^^^^
  File "C:\Users\priva\AppData\Local\Programs\Python\Python313\Lib\subprocess.py", line 1550, in _execute_child
    hp, ht, pid, tid = _winapi.CreateProcess(executable, args,
                       ~~~~~~~~~~~~~~~~~~~~~^^^^^^^^^^^^^^^^^^
                             # no special security
                             ^^^^^^^^^^^^^^^^^^^^^
    ...<4 lines>...
                             cwd,
                             ^^^^
                             startupinfo)
                             ^^^^^^^^^^^^
PermissionError: [WinError 32] Процесс не может получить доступ к файлу, так как этот файл занят другим процессом

The above exception was the direct cause of the following exception:

Traceback (most recent call last):
  File "C:\Users\priva\Desktop\Zapros2\main.py", line 49, in worker
    driver = WebDriverManager.init_driver()
  File "C:\Users\priva\Desktop\Zapros2\main.py", line 29, in init_driver
    driver = webdriver.Chrome(service=service, options=options)
  File "C:\Users\priva\Desktop\Zapros2\.venv\Lib\site-packages\selenium\webdriver\chrome\webdriver.py", line 45, in __init__
    super().__init__(
    ~~~~~~~~~~~~~~~~^
        browser_name=DesiredCapabilities.CHROME["browserName"],
        ^^^^^^^^^^^^^^^^^^^^^^^^^^^^^^^^^^^^^^^^^^^^^^^^^^^^^^^
    ...<3 lines>...
        keep_alive=keep_alive,
        ^^^^^^^^^^^^^^^^^^^^^^
    )
    ^
  File "C:\Users\priva\Desktop\Zapros2\.venv\Lib\site-packages\selenium\webdriver\chromium\webdriver.py", line 55, in __init__
    self.service.start()
    ~~~~~~~~~~~~~~~~~~^^
  File "C:\Users\priva\Desktop\Zapros2\.venv\Lib\site-packages\selenium\webdriver\common\service.py", line 109, in start
    self._start_process(self._path)
    ~~~~~~~~~~~~~~~~~~~^^^^^^^^^^^^
  File "C:\Users\priva\Desktop\Zapros2\.venv\Lib\site-packages\selenium\webdriver\common\service.py", line 243, in _start_process
    raise WebDriverException(
        f"'{os.path.basename(self._path)}' executable may have wrong permissions."
    ) from err
selenium.common.exceptions.WebDriverException: Message: 'chromedriver.exe' executable may have wrong permissions.

2025-04-01 19:49:50 - link_collector - ERROR - Критическая ошибка в рабочем потоке: Message: 'chromedriver.exe' executable may have wrong permissions.
Traceback (most recent call last):
  File "C:\Users\priva\Desktop\Zapros2\.venv\Lib\site-packages\selenium\webdriver\common\service.py", line 219, in _start_process
    self.process = subprocess.Popen(
                   ~~~~~~~~~~~~~~~~^
        cmd,
        ^^^^
    ...<7 lines>...
        **self.popen_kw,
        ^^^^^^^^^^^^^^^^
    )
    ^
  File "C:\Users\priva\AppData\Local\Programs\Python\Python313\Lib\subprocess.py", line 1038, in __init__
    self._execute_child(args, executable, preexec_fn, close_fds,
    ~~~~~~~~~~~~~~~~~~~^^^^^^^^^^^^^^^^^^^^^^^^^^^^^^^^^^^^^^^^^
                        pass_fds, cwd, env,
                        ^^^^^^^^^^^^^^^^^^^
    ...<5 lines>...
                        gid, gids, uid, umask,
                        ^^^^^^^^^^^^^^^^^^^^^^
                        start_new_session, process_group)
                        ^^^^^^^^^^^^^^^^^^^^^^^^^^^^^^^^^
  File "C:\Users\priva\AppData\Local\Programs\Python\Python313\Lib\subprocess.py", line 1550, in _execute_child
    hp, ht, pid, tid = _winapi.CreateProcess(executable, args,
                       ~~~~~~~~~~~~~~~~~~~~~^^^^^^^^^^^^^^^^^^
                             # no special security
                             ^^^^^^^^^^^^^^^^^^^^^
    ...<4 lines>...
                             cwd,
                             ^^^^
                             startupinfo)
                             ^^^^^^^^^^^^
PermissionError: [WinError 32] Процесс не может получить доступ к файлу, так как этот файл занят другим процессом

The above exception was the direct cause of the following exception:

Traceback (most recent call last):
  File "C:\Users\priva\Desktop\Zapros2\main.py", line 49, in worker
    driver = WebDriverManager.init_driver()
  File "C:\Users\priva\Desktop\Zapros2\main.py", line 29, in init_driver
    driver = webdriver.Chrome(service=service, options=options)
  File "C:\Users\priva\Desktop\Zapros2\.venv\Lib\site-packages\selenium\webdriver\chrome\webdriver.py", line 45, in __init__
    super().__init__(
    ~~~~~~~~~~~~~~~~^
        browser_name=DesiredCapabilities.CHROME["browserName"],
        ^^^^^^^^^^^^^^^^^^^^^^^^^^^^^^^^^^^^^^^^^^^^^^^^^^^^^^^
    ...<3 lines>...
        keep_alive=keep_alive,
        ^^^^^^^^^^^^^^^^^^^^^^
    )
    ^
  File "C:\Users\priva\Desktop\Zapros2\.venv\Lib\site-packages\selenium\webdriver\chromium\webdriver.py", line 55, in __init__
    self.service.start()
    ~~~~~~~~~~~~~~~~~~^^
  File "C:\Users\priva\Desktop\Zapros2\.venv\Lib\site-packages\selenium\webdriver\common\service.py", line 109, in start
    self._start_process(self._path)
    ~~~~~~~~~~~~~~~~~~~^^^^^^^^^^^^
  File "C:\Users\priva\Desktop\Zapros2\.venv\Lib\site-packages\selenium\webdriver\common\service.py", line 243, in _start_process
    raise WebDriverException(
        f"'{os.path.basename(self._path)}' executable may have wrong permissions."
    ) from err
selenium.common.exceptions.WebDriverException: Message: 'chromedriver.exe' executable may have wrong permissions.

2025-04-01 19:49:50 - link_collector - ERROR - Критическая ошибка в рабочем потоке: Message: 'chromedriver.exe' executable may have wrong permissions.
Traceback (most recent call last):
  File "C:\Users\priva\Desktop\Zapros2\.venv\Lib\site-packages\selenium\webdriver\common\service.py", line 219, in _start_process
    self.process = subprocess.Popen(
                   ~~~~~~~~~~~~~~~~^
        cmd,
        ^^^^
    ...<7 lines>...
        **self.popen_kw,
        ^^^^^^^^^^^^^^^^
    )
    ^
  File "C:\Users\priva\AppData\Local\Programs\Python\Python313\Lib\subprocess.py", line 1038, in __init__
    self._execute_child(args, executable, preexec_fn, close_fds,
    ~~~~~~~~~~~~~~~~~~~^^^^^^^^^^^^^^^^^^^^^^^^^^^^^^^^^^^^^^^^^
                        pass_fds, cwd, env,
                        ^^^^^^^^^^^^^^^^^^^
    ...<5 lines>...
                        gid, gids, uid, umask,
                        ^^^^^^^^^^^^^^^^^^^^^^
                        start_new_session, process_group)
                        ^^^^^^^^^^^^^^^^^^^^^^^^^^^^^^^^^
  File "C:\Users\priva\AppData\Local\Programs\Python\Python313\Lib\subprocess.py", line 1550, in _execute_child
    hp, ht, pid, tid = _winapi.CreateProcess(executable, args,
                       ~~~~~~~~~~~~~~~~~~~~~^^^^^^^^^^^^^^^^^^
                             # no special security
                             ^^^^^^^^^^^^^^^^^^^^^
    ...<4 lines>...
                             cwd,
                             ^^^^
                             startupinfo)
                             ^^^^^^^^^^^^
PermissionError: [WinError 32] Процесс не может получить доступ к файлу, так как этот файл занят другим процессом

The above exception was the direct cause of the following exception:

Traceback (most recent call last):
  File "C:\Users\priva\Desktop\Zapros2\main.py", line 49, in worker
    driver = WebDriverManager.init_driver()
  File "C:\Users\priva\Desktop\Zapros2\main.py", line 29, in init_driver
    driver = webdriver.Chrome(service=service, options=options)
  File "C:\Users\priva\Desktop\Zapros2\.venv\Lib\site-packages\selenium\webdriver\chrome\webdriver.py", line 45, in __init__
    super().__init__(
    ~~~~~~~~~~~~~~~~^
        browser_name=DesiredCapabilities.CHROME["browserName"],
        ^^^^^^^^^^^^^^^^^^^^^^^^^^^^^^^^^^^^^^^^^^^^^^^^^^^^^^^
    ...<3 lines>...
        keep_alive=keep_alive,
        ^^^^^^^^^^^^^^^^^^^^^^
    )
    ^
  File "C:\Users\priva\Desktop\Zapros2\.venv\Lib\site-packages\selenium\webdriver\chromium\webdriver.py", line 55, in __init__
    self.service.start()
    ~~~~~~~~~~~~~~~~~~^^
  File "C:\Users\priva\Desktop\Zapros2\.venv\Lib\site-packages\selenium\webdriver\common\service.py", line 109, in start
    self._start_process(self._path)
    ~~~~~~~~~~~~~~~~~~~^^^^^^^^^^^^
  File "C:\Users\priva\Desktop\Zapros2\.venv\Lib\site-packages\selenium\webdriver\common\service.py", line 243, in _start_process
    raise WebDriverException(
        f"'{os.path.basename(self._path)}' executable may have wrong permissions."
    ) from err
selenium.common.exceptions.WebDriverException: Message: 'chromedriver.exe' executable may have wrong permissions.

2025-04-01 19:49:50 - link_collector - ERROR - Критическая ошибка в рабочем потоке: Message: 'chromedriver.exe' executable may have wrong permissions.
Traceback (most recent call last):
  File "C:\Users\priva\Desktop\Zapros2\.venv\Lib\site-packages\selenium\webdriver\common\service.py", line 219, in _start_process
    self.process = subprocess.Popen(
                   ~~~~~~~~~~~~~~~~^
        cmd,
        ^^^^
    ...<7 lines>...
        **self.popen_kw,
        ^^^^^^^^^^^^^^^^
    )
    ^
  File "C:\Users\priva\AppData\Local\Programs\Python\Python313\Lib\subprocess.py", line 1038, in __init__
    self._execute_child(args, executable, preexec_fn, close_fds,
    ~~~~~~~~~~~~~~~~~~~^^^^^^^^^^^^^^^^^^^^^^^^^^^^^^^^^^^^^^^^^
                        pass_fds, cwd, env,
                        ^^^^^^^^^^^^^^^^^^^
    ...<5 lines>...
                        gid, gids, uid, umask,
                        ^^^^^^^^^^^^^^^^^^^^^^
                        start_new_session, process_group)
                        ^^^^^^^^^^^^^^^^^^^^^^^^^^^^^^^^^
  File "C:\Users\priva\AppData\Local\Programs\Python\Python313\Lib\subprocess.py", line 1550, in _execute_child
    hp, ht, pid, tid = _winapi.CreateProcess(executable, args,
                       ~~~~~~~~~~~~~~~~~~~~~^^^^^^^^^^^^^^^^^^
                             # no special security
                             ^^^^^^^^^^^^^^^^^^^^^
    ...<4 lines>...
                             cwd,
                             ^^^^
                             startupinfo)
                             ^^^^^^^^^^^^
PermissionError: [WinError 32] Процесс не может получить доступ к файлу, так как этот файл занят другим процессом

The above exception was the direct cause of the following exception:

Traceback (most recent call last):
  File "C:\Users\priva\Desktop\Zapros2\main.py", line 49, in worker
    driver = WebDriverManager.init_driver()
  File "C:\Users\priva\Desktop\Zapros2\main.py", line 29, in init_driver
    driver = webdriver.Chrome(service=service, options=options)
  File "C:\Users\priva\Desktop\Zapros2\.venv\Lib\site-packages\selenium\webdriver\chrome\webdriver.py", line 45, in __init__
    super().__init__(
    ~~~~~~~~~~~~~~~~^
        browser_name=DesiredCapabilities.CHROME["browserName"],
        ^^^^^^^^^^^^^^^^^^^^^^^^^^^^^^^^^^^^^^^^^^^^^^^^^^^^^^^
    ...<3 lines>...
        keep_alive=keep_alive,
        ^^^^^^^^^^^^^^^^^^^^^^
    )
    ^
  File "C:\Users\priva\Desktop\Zapros2\.venv\Lib\site-packages\selenium\webdriver\chromium\webdriver.py", line 55, in __init__
    self.service.start()
    ~~~~~~~~~~~~~~~~~~^^
  File "C:\Users\priva\Desktop\Zapros2\.venv\Lib\site-packages\selenium\webdriver\common\service.py", line 109, in start
    self._start_process(self._path)
    ~~~~~~~~~~~~~~~~~~~^^^^^^^^^^^^
  File "C:\Users\priva\Desktop\Zapros2\.venv\Lib\site-packages\selenium\webdriver\common\service.py", line 243, in _start_process
    raise WebDriverException(
        f"'{os.path.basename(self._path)}' executable may have wrong permissions."
    ) from err
selenium.common.exceptions.WebDriverException: Message: 'chromedriver.exe' executable may have wrong permissions.

2025-04-01 19:49:50 - link_collector - ERROR - Критическая ошибка в рабочем потоке: Truncated central directory
Traceback (most recent call last):
  File "C:\Users\priva\Desktop\Zapros2\main.py", line 49, in worker
    driver = WebDriverManager.init_driver()
  File "C:\Users\priva\Desktop\Zapros2\main.py", line 28, in init_driver
    service = Service(ChromeDriverManager().install())
                      ~~~~~~~~~~~~~~~~~~~~~~~~~~~~~^^
  File "C:\Users\priva\Desktop\Zapros2\.venv\Lib\site-packages\webdriver_manager\chrome.py", line 40, in install
    driver_path = self._get_driver_binary_path(self.driver)
  File "C:\Users\priva\Desktop\Zapros2\.venv\Lib\site-packages\webdriver_manager\core\manager.py", line 41, in _get_driver_binary_path
    binary_path = self._cache_manager.save_file_to_cache(driver, file)
  File "C:\Users\priva\Desktop\Zapros2\.venv\Lib\site-packages\webdriver_manager\core\driver_cache.py", line 54, in save_file_to_cache
    files = self.unpack_archive(archive, path)
  File "C:\Users\priva\Desktop\Zapros2\.venv\Lib\site-packages\webdriver_manager\core\driver_cache.py", line 49, in unpack_archive
    return self._file_manager.unpack_archive(archive, path)
           ~~~~~~~~~~~~~~~~~~~~~~~~~~~~~~~~~^^^^^^^^^^^^^^^
  File "C:\Users\priva\Desktop\Zapros2\.venv\Lib\site-packages\webdriver_manager\core\file_manager.py", line 57, in unpack_archive
    return self.__extract_zip(archive_file, target_dir)
           ~~~~~~~~~~~~~~~~~~^^^^^^^^^^^^^^^^^^^^^^^^^^
  File "C:\Users\priva\Desktop\Zapros2\.venv\Lib\site-packages\webdriver_manager\core\file_manager.py", line 63, in __extract_zip
    archive = zip_class(archive_file.file_path)
  File "C:\Users\priva\AppData\Local\Programs\Python\Python313\Lib\zipfile\__init__.py", line 1385, in __init__
    self._RealGetContents()
    ~~~~~~~~~~~~~~~~~~~~~^^
  File "C:\Users\priva\AppData\Local\Programs\Python\Python313\Lib\zipfile\__init__.py", line 1479, in _RealGetContents
    raise BadZipFile("Truncated central directory")
zipfile.BadZipFile: Truncated central directory
2025-04-01 19:49:50 - link_collector - ERROR - Критическая ошибка в рабочем потоке: File is not a zip file
Traceback (most recent call last):
  File "C:\Users\priva\Desktop\Zapros2\main.py", line 49, in worker
    driver = WebDriverManager.init_driver()
  File "C:\Users\priva\Desktop\Zapros2\main.py", line 28, in init_driver
    service = Service(ChromeDriverManager().install())
                      ~~~~~~~~~~~~~~~~~~~~~~~~~~~~~^^
  File "C:\Users\priva\Desktop\Zapros2\.venv\Lib\site-packages\webdriver_manager\chrome.py", line 40, in install
    driver_path = self._get_driver_binary_path(self.driver)
  File "C:\Users\priva\Desktop\Zapros2\.venv\Lib\site-packages\webdriver_manager\core\manager.py", line 41, in _get_driver_binary_path
    binary_path = self._cache_manager.save_file_to_cache(driver, file)
  File "C:\Users\priva\Desktop\Zapros2\.venv\Lib\site-packages\webdriver_manager\core\driver_cache.py", line 54, in save_file_to_cache
    files = self.unpack_archive(archive, path)
  File "C:\Users\priva\Desktop\Zapros2\.venv\Lib\site-packages\webdriver_manager\core\driver_cache.py", line 49, in unpack_archive
    return self._file_manager.unpack_archive(archive, path)
           ~~~~~~~~~~~~~~~~~~~~~~~~~~~~~~~~~^^^^^^^^^^^^^^^
  File "C:\Users\priva\Desktop\Zapros2\.venv\Lib\site-packages\webdriver_manager\core\file_manager.py", line 57, in unpack_archive
    return self.__extract_zip(archive_file, target_dir)
           ~~~~~~~~~~~~~~~~~~^^^^^^^^^^^^^^^^^^^^^^^^^^
  File "C:\Users\priva\Desktop\Zapros2\.venv\Lib\site-packages\webdriver_manager\core\file_manager.py", line 63, in __extract_zip
    archive = zip_class(archive_file.file_path)
  File "C:\Users\priva\AppData\Local\Programs\Python\Python313\Lib\zipfile\__init__.py", line 1385, in __init__
    self._RealGetContents()
    ~~~~~~~~~~~~~~~~~~~~~^^
  File "C:\Users\priva\AppData\Local\Programs\Python\Python313\Lib\zipfile\__init__.py", line 1452, in _RealGetContents
    raise BadZipFile("File is not a zip file")
zipfile.BadZipFile: File is not a zip file
2025-04-01 19:49:50 - link_collector - ERROR - Критическая ошибка в рабочем потоке: Message: 'chromedriver.exe' executable may have wrong permissions.
Traceback (most recent call last):
  File "C:\Users\priva\Desktop\Zapros2\.venv\Lib\site-packages\selenium\webdriver\common\service.py", line 219, in _start_process
    self.process = subprocess.Popen(
                   ~~~~~~~~~~~~~~~~^
        cmd,
        ^^^^
    ...<7 lines>...
        **self.popen_kw,
        ^^^^^^^^^^^^^^^^
    )
    ^
  File "C:\Users\priva\AppData\Local\Programs\Python\Python313\Lib\subprocess.py", line 1038, in __init__
    self._execute_child(args, executable, preexec_fn, close_fds,
    ~~~~~~~~~~~~~~~~~~~^^^^^^^^^^^^^^^^^^^^^^^^^^^^^^^^^^^^^^^^^
                        pass_fds, cwd, env,
                        ^^^^^^^^^^^^^^^^^^^
    ...<5 lines>...
                        gid, gids, uid, umask,
                        ^^^^^^^^^^^^^^^^^^^^^^
                        start_new_session, process_group)
                        ^^^^^^^^^^^^^^^^^^^^^^^^^^^^^^^^^
  File "C:\Users\priva\AppData\Local\Programs\Python\Python313\Lib\subprocess.py", line 1550, in _execute_child
    hp, ht, pid, tid = _winapi.CreateProcess(executable, args,
                       ~~~~~~~~~~~~~~~~~~~~~^^^^^^^^^^^^^^^^^^
                             # no special security
                             ^^^^^^^^^^^^^^^^^^^^^
    ...<4 lines>...
                             cwd,
                             ^^^^
                             startupinfo)
                             ^^^^^^^^^^^^
PermissionError: [WinError 32] Процесс не может получить доступ к файлу, так как этот файл занят другим процессом

The above exception was the direct cause of the following exception:

Traceback (most recent call last):
  File "C:\Users\priva\Desktop\Zapros2\main.py", line 49, in worker
    driver = WebDriverManager.init_driver()
  File "C:\Users\priva\Desktop\Zapros2\main.py", line 29, in init_driver
    driver = webdriver.Chrome(service=service, options=options)
  File "C:\Users\priva\Desktop\Zapros2\.venv\Lib\site-packages\selenium\webdriver\chrome\webdriver.py", line 45, in __init__
    super().__init__(
    ~~~~~~~~~~~~~~~~^
        browser_name=DesiredCapabilities.CHROME["browserName"],
        ^^^^^^^^^^^^^^^^^^^^^^^^^^^^^^^^^^^^^^^^^^^^^^^^^^^^^^^
    ...<3 lines>...
        keep_alive=keep_alive,
        ^^^^^^^^^^^^^^^^^^^^^^
    )
    ^
  File "C:\Users\priva\Desktop\Zapros2\.venv\Lib\site-packages\selenium\webdriver\chromium\webdriver.py", line 55, in __init__
    self.service.start()
    ~~~~~~~~~~~~~~~~~~^^
  File "C:\Users\priva\Desktop\Zapros2\.venv\Lib\site-packages\selenium\webdriver\common\service.py", line 109, in start
    self._start_process(self._path)
    ~~~~~~~~~~~~~~~~~~~^^^^^^^^^^^^
  File "C:\Users\priva\Desktop\Zapros2\.venv\Lib\site-packages\selenium\webdriver\common\service.py", line 243, in _start_process
    raise WebDriverException(
        f"'{os.path.basename(self._path)}' executable may have wrong permissions."
    ) from err
selenium.common.exceptions.WebDriverException: Message: 'chromedriver.exe' executable may have wrong permissions.

2025-04-01 19:49:51 - link_collector - ERROR - Критическая ошибка в рабочем потоке: Message: 'chromedriver.exe' executable may have wrong permissions.
Traceback (most recent call last):
  File "C:\Users\priva\Desktop\Zapros2\.venv\Lib\site-packages\selenium\webdriver\common\service.py", line 219, in _start_process
    self.process = subprocess.Popen(
                   ~~~~~~~~~~~~~~~~^
        cmd,
        ^^^^
    ...<7 lines>...
        **self.popen_kw,
        ^^^^^^^^^^^^^^^^
    )
    ^
  File "C:\Users\priva\AppData\Local\Programs\Python\Python313\Lib\subprocess.py", line 1038, in __init__
    self._execute_child(args, executable, preexec_fn, close_fds,
    ~~~~~~~~~~~~~~~~~~~^^^^^^^^^^^^^^^^^^^^^^^^^^^^^^^^^^^^^^^^^
                        pass_fds, cwd, env,
                        ^^^^^^^^^^^^^^^^^^^
    ...<5 lines>...
                        gid, gids, uid, umask,
                        ^^^^^^^^^^^^^^^^^^^^^^
                        start_new_session, process_group)
                        ^^^^^^^^^^^^^^^^^^^^^^^^^^^^^^^^^
  File "C:\Users\priva\AppData\Local\Programs\Python\Python313\Lib\subprocess.py", line 1550, in _execute_child
    hp, ht, pid, tid = _winapi.CreateProcess(executable, args,
                       ~~~~~~~~~~~~~~~~~~~~~^^^^^^^^^^^^^^^^^^
                             # no special security
                             ^^^^^^^^^^^^^^^^^^^^^
    ...<4 lines>...
                             cwd,
                             ^^^^
                             startupinfo)
                             ^^^^^^^^^^^^
PermissionError: [WinError 32] Процесс не может получить доступ к файлу, так как этот файл занят другим процессом

The above exception was the direct cause of the following exception:

Traceback (most recent call last):
  File "C:\Users\priva\Desktop\Zapros2\main.py", line 49, in worker
    driver = WebDriverManager.init_driver()
  File "C:\Users\priva\Desktop\Zapros2\main.py", line 29, in init_driver
    driver = webdriver.Chrome(service=service, options=options)
  File "C:\Users\priva\Desktop\Zapros2\.venv\Lib\site-packages\selenium\webdriver\chrome\webdriver.py", line 45, in __init__
    super().__init__(
    ~~~~~~~~~~~~~~~~^
        browser_name=DesiredCapabilities.CHROME["browserName"],
        ^^^^^^^^^^^^^^^^^^^^^^^^^^^^^^^^^^^^^^^^^^^^^^^^^^^^^^^
    ...<3 lines>...
        keep_alive=keep_alive,
        ^^^^^^^^^^^^^^^^^^^^^^
    )
    ^
  File "C:\Users\priva\Desktop\Zapros2\.venv\Lib\site-packages\selenium\webdriver\chromium\webdriver.py", line 55, in __init__
    self.service.start()
    ~~~~~~~~~~~~~~~~~~^^
  File "C:\Users\priva\Desktop\Zapros2\.venv\Lib\site-packages\selenium\webdriver\common\service.py", line 109, in start
    self._start_process(self._path)
    ~~~~~~~~~~~~~~~~~~~^^^^^^^^^^^^
  File "C:\Users\priva\Desktop\Zapros2\.venv\Lib\site-packages\selenium\webdriver\common\service.py", line 243, in _start_process
    raise WebDriverException(
        f"'{os.path.basename(self._path)}' executable may have wrong permissions."
    ) from err
selenium.common.exceptions.WebDriverException: Message: 'chromedriver.exe' executable may have wrong permissions.

2025-04-01 19:49:51 - link_collector - ERROR - Критическая ошибка в рабочем потоке: Message: 'chromedriver.exe' executable may have wrong permissions.
Traceback (most recent call last):
  File "C:\Users\priva\Desktop\Zapros2\.venv\Lib\site-packages\selenium\webdriver\common\service.py", line 219, in _start_process
    self.process = subprocess.Popen(
                   ~~~~~~~~~~~~~~~~^
        cmd,
        ^^^^
    ...<7 lines>...
        **self.popen_kw,
        ^^^^^^^^^^^^^^^^
    )
    ^
  File "C:\Users\priva\AppData\Local\Programs\Python\Python313\Lib\subprocess.py", line 1038, in __init__
    self._execute_child(args, executable, preexec_fn, close_fds,
    ~~~~~~~~~~~~~~~~~~~^^^^^^^^^^^^^^^^^^^^^^^^^^^^^^^^^^^^^^^^^
                        pass_fds, cwd, env,
                        ^^^^^^^^^^^^^^^^^^^
    ...<5 lines>...
                        gid, gids, uid, umask,
                        ^^^^^^^^^^^^^^^^^^^^^^
                        start_new_session, process_group)
                        ^^^^^^^^^^^^^^^^^^^^^^^^^^^^^^^^^
  File "C:\Users\priva\AppData\Local\Programs\Python\Python313\Lib\subprocess.py", line 1550, in _execute_child
    hp, ht, pid, tid = _winapi.CreateProcess(executable, args,
                       ~~~~~~~~~~~~~~~~~~~~~^^^^^^^^^^^^^^^^^^
                             # no special security
                             ^^^^^^^^^^^^^^^^^^^^^
    ...<4 lines>...
                             cwd,
                             ^^^^
                             startupinfo)
                             ^^^^^^^^^^^^
PermissionError: [WinError 32] Процесс не может получить доступ к файлу, так как этот файл занят другим процессом

The above exception was the direct cause of the following exception:

Traceback (most recent call last):
  File "C:\Users\priva\Desktop\Zapros2\main.py", line 49, in worker
    driver = WebDriverManager.init_driver()
  File "C:\Users\priva\Desktop\Zapros2\main.py", line 29, in init_driver
    driver = webdriver.Chrome(service=service, options=options)
  File "C:\Users\priva\Desktop\Zapros2\.venv\Lib\site-packages\selenium\webdriver\chrome\webdriver.py", line 45, in __init__
    super().__init__(
    ~~~~~~~~~~~~~~~~^
        browser_name=DesiredCapabilities.CHROME["browserName"],
        ^^^^^^^^^^^^^^^^^^^^^^^^^^^^^^^^^^^^^^^^^^^^^^^^^^^^^^^
    ...<3 lines>...
        keep_alive=keep_alive,
        ^^^^^^^^^^^^^^^^^^^^^^
    )
    ^
  File "C:\Users\priva\Desktop\Zapros2\.venv\Lib\site-packages\selenium\webdriver\chromium\webdriver.py", line 55, in __init__
    self.service.start()
    ~~~~~~~~~~~~~~~~~~^^
  File "C:\Users\priva\Desktop\Zapros2\.venv\Lib\site-packages\selenium\webdriver\common\service.py", line 109, in start
    self._start_process(self._path)
    ~~~~~~~~~~~~~~~~~~~^^^^^^^^^^^^
  File "C:\Users\priva\Desktop\Zapros2\.venv\Lib\site-packages\selenium\webdriver\common\service.py", line 243, in _start_process
    raise WebDriverException(
        f"'{os.path.basename(self._path)}' executable may have wrong permissions."
    ) from err
selenium.common.exceptions.WebDriverException: Message: 'chromedriver.exe' executable may have wrong permissions.

2025-04-01 19:49:51 - link_collector - ERROR - Критическая ошибка в рабочем потоке: Message: 'chromedriver.exe' executable may have wrong permissions.
Traceback (most recent call last):
  File "C:\Users\priva\Desktop\Zapros2\.venv\Lib\site-packages\selenium\webdriver\common\service.py", line 219, in _start_process
    self.process = subprocess.Popen(
                   ~~~~~~~~~~~~~~~~^
        cmd,
        ^^^^
    ...<7 lines>...
        **self.popen_kw,
        ^^^^^^^^^^^^^^^^
    )
    ^
  File "C:\Users\priva\AppData\Local\Programs\Python\Python313\Lib\subprocess.py", line 1038, in __init__
    self._execute_child(args, executable, preexec_fn, close_fds,
    ~~~~~~~~~~~~~~~~~~~^^^^^^^^^^^^^^^^^^^^^^^^^^^^^^^^^^^^^^^^^
                        pass_fds, cwd, env,
                        ^^^^^^^^^^^^^^^^^^^
    ...<5 lines>...
                        gid, gids, uid, umask,
                        ^^^^^^^^^^^^^^^^^^^^^^
                        start_new_session, process_group)
                        ^^^^^^^^^^^^^^^^^^^^^^^^^^^^^^^^^
  File "C:\Users\priva\AppData\Local\Programs\Python\Python313\Lib\subprocess.py", line 1550, in _execute_child
    hp, ht, pid, tid = _winapi.CreateProcess(executable, args,
                       ~~~~~~~~~~~~~~~~~~~~~^^^^^^^^^^^^^^^^^^
                             # no special security
                             ^^^^^^^^^^^^^^^^^^^^^
    ...<4 lines>...
                             cwd,
                             ^^^^
                             startupinfo)
                             ^^^^^^^^^^^^
PermissionError: [WinError 32] Процесс не может получить доступ к файлу, так как этот файл занят другим процессом

The above exception was the direct cause of the following exception:

Traceback (most recent call last):
  File "C:\Users\priva\Desktop\Zapros2\main.py", line 49, in worker
    driver = WebDriverManager.init_driver()
  File "C:\Users\priva\Desktop\Zapros2\main.py", line 29, in init_driver
    driver = webdriver.Chrome(service=service, options=options)
  File "C:\Users\priva\Desktop\Zapros2\.venv\Lib\site-packages\selenium\webdriver\chrome\webdriver.py", line 45, in __init__
    super().__init__(
    ~~~~~~~~~~~~~~~~^
        browser_name=DesiredCapabilities.CHROME["browserName"],
        ^^^^^^^^^^^^^^^^^^^^^^^^^^^^^^^^^^^^^^^^^^^^^^^^^^^^^^^
    ...<3 lines>...
        keep_alive=keep_alive,
        ^^^^^^^^^^^^^^^^^^^^^^
    )
    ^
  File "C:\Users\priva\Desktop\Zapros2\.venv\Lib\site-packages\selenium\webdriver\chromium\webdriver.py", line 55, in __init__
    self.service.start()
    ~~~~~~~~~~~~~~~~~~^^
  File "C:\Users\priva\Desktop\Zapros2\.venv\Lib\site-packages\selenium\webdriver\common\service.py", line 109, in start
    self._start_process(self._path)
    ~~~~~~~~~~~~~~~~~~~^^^^^^^^^^^^
  File "C:\Users\priva\Desktop\Zapros2\.venv\Lib\site-packages\selenium\webdriver\common\service.py", line 243, in _start_process
    raise WebDriverException(
        f"'{os.path.basename(self._path)}' executable may have wrong permissions."
    ) from err
selenium.common.exceptions.WebDriverException: Message: 'chromedriver.exe' executable may have wrong permissions.

2025-04-01 19:49:51 - link_collector - ERROR - Критическая ошибка в рабочем потоке: Message: 'chromedriver.exe' executable may have wrong permissions.
Traceback (most recent call last):
  File "C:\Users\priva\Desktop\Zapros2\.venv\Lib\site-packages\selenium\webdriver\common\service.py", line 219, in _start_process
    self.process = subprocess.Popen(
                   ~~~~~~~~~~~~~~~~^
        cmd,
        ^^^^
    ...<7 lines>...
        **self.popen_kw,
        ^^^^^^^^^^^^^^^^
    )
    ^
  File "C:\Users\priva\AppData\Local\Programs\Python\Python313\Lib\subprocess.py", line 1038, in __init__
    self._execute_child(args, executable, preexec_fn, close_fds,
    ~~~~~~~~~~~~~~~~~~~^^^^^^^^^^^^^^^^^^^^^^^^^^^^^^^^^^^^^^^^^
                        pass_fds, cwd, env,
                        ^^^^^^^^^^^^^^^^^^^
    ...<5 lines>...
                        gid, gids, uid, umask,
                        ^^^^^^^^^^^^^^^^^^^^^^
                        start_new_session, process_group)
                        ^^^^^^^^^^^^^^^^^^^^^^^^^^^^^^^^^
  File "C:\Users\priva\AppData\Local\Programs\Python\Python313\Lib\subprocess.py", line 1550, in _execute_child
    hp, ht, pid, tid = _winapi.CreateProcess(executable, args,
                       ~~~~~~~~~~~~~~~~~~~~~^^^^^^^^^^^^^^^^^^
                             # no special security
                             ^^^^^^^^^^^^^^^^^^^^^
    ...<4 lines>...
                             cwd,
                             ^^^^
                             startupinfo)
                             ^^^^^^^^^^^^
PermissionError: [WinError 32] Процесс не может получить доступ к файлу, так как этот файл занят другим процессом

The above exception was the direct cause of the following exception:

Traceback (most recent call last):
  File "C:\Users\priva\Desktop\Zapros2\main.py", line 49, in worker
    driver = WebDriverManager.init_driver()
  File "C:\Users\priva\Desktop\Zapros2\main.py", line 29, in init_driver
    driver = webdriver.Chrome(service=service, options=options)
  File "C:\Users\priva\Desktop\Zapros2\.venv\Lib\site-packages\selenium\webdriver\chrome\webdriver.py", line 45, in __init__
    super().__init__(
    ~~~~~~~~~~~~~~~~^
        browser_name=DesiredCapabilities.CHROME["browserName"],
        ^^^^^^^^^^^^^^^^^^^^^^^^^^^^^^^^^^^^^^^^^^^^^^^^^^^^^^^
    ...<3 lines>...
        keep_alive=keep_alive,
        ^^^^^^^^^^^^^^^^^^^^^^
    )
    ^
  File "C:\Users\priva\Desktop\Zapros2\.venv\Lib\site-packages\selenium\webdriver\chromium\webdriver.py", line 55, in __init__
    self.service.start()
    ~~~~~~~~~~~~~~~~~~^^
  File "C:\Users\priva\Desktop\Zapros2\.venv\Lib\site-packages\selenium\webdriver\common\service.py", line 109, in start
    self._start_process(self._path)
    ~~~~~~~~~~~~~~~~~~~^^^^^^^^^^^^
  File "C:\Users\priva\Desktop\Zapros2\.venv\Lib\site-packages\selenium\webdriver\common\service.py", line 243, in _start_process
    raise WebDriverException(
        f"'{os.path.basename(self._path)}' executable may have wrong permissions."
    ) from err
selenium.common.exceptions.WebDriverException: Message: 'chromedriver.exe' executable may have wrong permissions.

2025-04-01 19:49:51 - link_collector - INFO - Обработка запроса: site:yandex.ru архив яндекс
2025-04-01 19:49:51 - link_collector - INFO - Обработка запроса: site:afisha.yandex.ru кинотеатр авиапарк
2025-04-01 19:49:52 - link_collector - INFO - Обработка запроса: site:www.kinopoisk.ru матильда фильм
2025-04-01 19:49:52 - link_collector - INFO - Найдена ссылка: https://yandex.ru/archive
2025-04-01 19:49:52 - link_collector - INFO - Обработка запроса: site:kinopoisk.ru волшебный участок
2025-04-01 19:49:52 - link_collector - INFO - Найдена ссылка: https://afisha.yandex.ru/moscow/cinema/places/karo-sky-17-aviapark
2025-04-01 19:49:52 - link_collector - INFO - Обработка запроса: site:yandex.ru кинотеатр авиапарк
2025-04-01 19:50:07 - link_collector - INFO - Обработка запроса: site:market.yandex.ru сколько стоит айфон 13 про
2025-04-01 19:50:07 - link_collector - INFO - Обработка запроса: site:yandex.ru переводчик с японского на русский
2025-04-01 19:50:08 - link_collector - INFO - Обработка запроса: site:market.yandex.ru чернильница
2025-04-01 19:50:08 - link_collector - INFO - Обработка запроса: site:www.kinopoisk.ru каратель фильм
2025-04-01 19:50:08 - link_collector - INFO - Обработка запроса: site:education.yandex.ru учебник
2025-04-01 19:50:08 - link_collector - INFO - Обработка запроса: site:translate.yandex.ru переводчик
2025-04-01 19:50:08 - link_collector - INFO - Обработка запроса: site:kinopoisk.ru сериал содержанки
2025-04-01 19:50:08 - link_collector - INFO - Обработка запроса: site:kinopoisk.ru стриптиз фильм 1996
2025-04-01 19:50:08 - link_collector - INFO - Обработка запроса: site:kinopoisk.ru фильм один плюс один
2025-04-01 19:50:08 - link_collector - INFO - Обработка запроса: site:hd.kinopoisk.ru смотреть фильм папе снова 17
2025-04-01 19:50:08 - link_collector - INFO - Обработка запроса: site:yandex.kz пиратская жизнь нина и вовчик на дзене
2025-04-01 19:50:08 - link_collector - INFO - Обработка запроса: site:yandex.ru погода в иваново
2025-04-01 19:50:19 - link_collector - INFO - Найдена ссылка: https://xmlsearch.yandex.kz/video/preview/14105268488745840793?noreask=1
2025-04-01 19:50:19 - link_collector - INFO - Обработка запроса: site:hd.kinopoisk.ru смотреть онлайн фильм чебурашка
2025-04-01 19:50:19 - link_collector - INFO - Найдена ссылка: https://translate.yandex.ru/
2025-04-01 19:50:19 - link_collector - INFO - Обработка запроса: site:yandex.ru переводчик
2025-04-01 19:50:19 - link_collector - INFO - Найдена ссылка: https://www.kinopoisk.ru/series/1191043/
2025-04-01 19:50:19 - link_collector - INFO - Обработка запроса: site:kinopoisk.ru содержанки сериал
2025-04-01 19:50:19 - link_collector - INFO - Найдена ссылка: https://www.kinopoisk.ru/film/9554/
2025-04-01 19:50:19 - link_collector - INFO - Обработка запроса: site:taxi.yandex.ru яндекс такси приложение скачать
2025-04-01 19:50:19 - link_collector - INFO - Найдена ссылка: https://hd.kinopoisk.ru/film/4640262863894993ac91790acda5d78f
2025-04-01 19:50:19 - link_collector - INFO - Обработка запроса: site:market.yandex.ru дарсонваль для лица
2025-04-01 19:50:19 - link_collector - INFO - Найдена ссылка: https://translate.yandex.ru/translator/%D0%AF%D0%BF%D0%BE%D0%BD%D1%81%D0%BA%D0%B8%D0%B9-%D0%A0%D1%83%D1%81%D1%81%D0%BA%D0%B8%D0%B9
2025-04-01 19:50:19 - link_collector - INFO - Обработка запроса: site:kinopoisk.ru конец света сериал 2022
2025-04-01 19:50:19 - link_collector - INFO - Найдена ссылка: https://www.kinopoisk.ru/film/535341/
2025-04-01 19:50:19 - link_collector - INFO - Обработка запроса: site:kinopoisk.ru фильм лес
2025-04-01 19:50:19 - link_collector - INFO - Найдена ссылка: https://www.kinopoisk.ru/film/17661/
2025-04-01 19:50:19 - link_collector - INFO - Обработка запроса: site:www.kinopoisk.ru полтора шпиона фильм
2025-04-01 19:50:19 - link_collector - INFO - Найдена ссылка: https://yandex.ru/pogoda/ivanovo
2025-04-01 19:50:19 - link_collector - INFO - Обработка запроса: site:translate.yandex.ru переводчик русско казахский
2025-04-01 19:50:20 - link_collector - INFO - Найдена ссылка: https://hd.kinopoisk.ru/film/7c593f8b496542d7a4533e3445556ecd
2025-04-01 19:50:20 - link_collector - INFO - Обработка запроса: site:kinopoisk.ru дарья мороз фильмы
2025-04-01 19:50:20 - link_collector - INFO - Найдена ссылка: https://www.kinopoisk.ru/series/1191043/
2025-04-01 19:50:20 - link_collector - INFO - Обработка запроса: site:www.kinopoisk.ru сериал содержанки
2025-04-01 19:50:20 - link_collector - INFO - Найдена ссылка: https://translate.yandex.ru/
2025-04-01 19:50:20 - link_collector - INFO - Обработка запроса: site:tv.yandex.ru программа передач на сегодня
2025-04-01 19:50:20 - link_collector - INFO - Найдена ссылка: https://hd.kinopoisk.ru/film/c069f386d3e9461f9fa585ed2ec8dbea?playingContentId=8ca37c1df9374114ba0241e3558f092e
2025-04-01 19:50:20 - link_collector - INFO - Обработка запроса: site:www.kinopoisk.ru конец света сериал 2022
2025-04-01 19:50:20 - link_collector - INFO - Найдена ссылка: https://taxi.yandex.ru/
2025-04-01 19:50:20 - link_collector - INFO - Обработка запроса: site:taxi.yandex.ru яндекс такси скачать приложение
2025-04-01 19:50:20 - link_collector - INFO - Найдена ссылка: https://www.kinopoisk.ru/film/472105/
2025-04-01 19:50:20 - link_collector - INFO - Обработка запроса: site:auto.ru lx 570 lexus
2025-04-01 19:50:20 - link_collector - INFO - Найдена ссылка: https://translate.yandex.ru/translator/%D0%A0%D1%83%D1%81%D1%81%D0%BA%D0%B8%D0%B9-%D0%9A%D0%B0%D0%B7%D0%B0%D1%85%D1%81%D0%BA%D0%B8%D0%B9
2025-04-01 19:50:20 - link_collector - INFO - Обработка запроса: site:yandex.ru переводчик русско казахский
2025-04-01 19:50:20 - link_collector - INFO - Найдена ссылка: https://www.kinopoisk.ru/film/1041718/
2025-04-01 19:50:20 - link_collector - INFO - Обработка запроса: site:kinopoisk.ru зеррин текиндор
2025-04-01 19:50:21 - link_collector - INFO - Найдена ссылка: https://www.kinopoisk.ru/name/245617/
2025-04-01 19:50:21 - link_collector - INFO - Обработка запроса: site:kinopoisk.ru обратная сторона луны сериал
2025-04-01 19:50:21 - link_collector - INFO - Найдена ссылка: https://www.kinopoisk.ru/series/1191043/
2025-04-01 19:50:21 - link_collector - INFO - Обработка запроса: site:www.kinopoisk.ru содержанки сериал
2025-04-01 19:50:21 - link_collector - INFO - Найдена ссылка: https://education.yandex.ru/uchebnik/main
2025-04-01 19:50:21 - link_collector - INFO - Обработка запроса: site:market.yandex.ru кондиционер купить
2025-04-01 19:50:21 - link_collector - INFO - Найдена ссылка: https://taxi.yandex.ru/
2025-04-01 19:50:21 - link_collector - INFO - Обработка запроса: site:www.kinopoisk.ru за слова отвечаю
2025-04-01 19:50:21 - link_collector - INFO - Найдена ссылка: https://tv.yandex.ru/
2025-04-01 19:50:21 - link_collector - INFO - Обработка запроса: site:yandex.ru программа передач на сегодня
2025-04-01 19:50:21 - link_collector - INFO - Найдена ссылка: https://translate.yandex.ru/translator/%D0%A0%D1%83%D1%81%D1%81%D0%BA%D0%B8%D0%B9-%D0%9A%D0%B0%D0%B7%D0%B0%D1%85%D1%81%D0%BA%D0%B8%D0%B9
2025-04-01 19:50:21 - link_collector - INFO - Обработка запроса: site:yandex.ru мэрилин мэнсон
2025-04-01 19:50:21 - link_collector - INFO - Найдена ссылка: https://www.kinopoisk.ru/name/976893/
2025-04-01 19:50:21 - link_collector - INFO - Обработка запроса: site:market.yandex.ru дженга
2025-04-01 19:50:30 - link_collector - INFO - Найдена ссылка: https://market.yandex.ru/catalog--mobilnye-telefony/34512430/list?glfilter=12782797%3A25786910&glfilter=7893318%3A153043
2025-04-01 19:50:30 - link_collector - INFO - Обработка запроса: site:www.kinopoisk.ru чужой район сериал
2025-04-01 19:50:30 - link_collector - INFO - Найдена ссылка: https://market.yandex.ru/search?text=%D0%A7%D0%B5%D1%80%D0%BD%D0%B8%D0%BB%D1%8C%D0%BD%D0%B8%D1%86%D1%8B
2025-04-01 19:50:30 - link_collector - INFO - Обработка запроса: site:market.yandex.ru прикроватный столик
2025-04-01 19:50:30 - link_collector - INFO - Найдена ссылка: https://www.kinopoisk.ru/series/1191043/
2025-04-01 19:50:30 - link_collector - INFO - Обработка запроса: site:yandex.ru влад бумага а4
2025-04-01 19:50:30 - link_collector - INFO - Найдена ссылка: https://www.kinopoisk.ru/series/627273/
2025-04-01 19:50:30 - link_collector - INFO - Обработка запроса: site:kinopoisk.ru пятница 13 е фильм 1980
2025-04-01 19:50:30 - link_collector - INFO - Найдена ссылка: https://music.yandex.ru/artist/1404/
2025-04-01 19:50:30 - link_collector - INFO - Обработка запроса: site:tv.yandex.ru программа передач на сегодня санкт петербург все каналы
2025-04-01 19:50:30 - link_collector - INFO - Найдена ссылка: https://www.kinopoisk.ru/film/5515512/
2025-04-01 19:50:30 - link_collector - INFO - Обработка запроса: site:www.kinopoisk.ru стриптиз фильм 1996
2025-04-01 19:50:30 - link_collector - INFO - Найдена ссылка: https://tv.yandex.ru/
2025-04-01 19:50:30 - link_collector - INFO - Обработка запроса: site:ya.ru яндекс
2025-04-01 19:50:31 - link_collector - INFO - Найдена ссылка: https://market.yandex.ru/search?text=%D0%B0%D0%BF%D0%BF%D0%B0%D1%80%D0%B0%D1%82%20%D1%82%D0%BE%D0%BA%D0%BE%D0%BC%20%D0%B4%D0%BB%D1%8F%20%D0%BB%D0%B8%D1%86%D0%B0%20%D0%B4%D0%B0%D1%80%D1%81%D0%BE%D0%BD%D0%B2%D0%B0%D0%BB%D1%8C
2025-04-01 19:50:31 - link_collector - INFO - Обработка запроса: site:market.yandex.ru семя льна
2025-04-01 19:50:31 - link_collector - INFO - Найдена ссылка: https://ya.ru/
2025-04-01 19:50:31 - link_collector - INFO - Обработка запроса: site:yandex.eu яндекс
2025-04-01 19:50:31 - link_collector - INFO - Найдена ссылка: https://www.kinopoisk.ru/film/9554/
2025-04-01 19:50:31 - link_collector - INFO - Обработка запроса: site:kinopoisk.ru комедии сериалы
2025-04-01 19:50:31 - link_collector - INFO - Найдена ссылка: https://www.kinopoisk.ru/film/23922/
2025-04-01 19:50:31 - link_collector - INFO - Обработка запроса: site:tv.yandex.ru телепрограмма передач на сегодня
2025-04-01 19:50:31 - link_collector - INFO - Найдена ссылка: https://tv.yandex.ru/2?period=all-day&grid=all
2025-04-01 19:50:31 - link_collector - INFO - Обработка запроса: site:yandex.ru программа передач на сегодня санкт петербург все каналы
2025-04-01 19:50:32 - link_collector - INFO - Найдена ссылка: https://yandex.eu/
2025-04-01 19:50:32 - link_collector - INFO - Обработка запроса: site:yandex.ru игры
2025-04-01 19:50:32 - link_collector - INFO - Найдена ссылка: https://tv.yandex.ru/?day
2025-04-01 19:50:32 - link_collector - INFO - Обработка запроса: site:www.kinopoisk.ru пятница 13 е фильм 1980
2025-04-01 19:50:32 - link_collector - INFO - Найдена ссылка: https://www.kinopoisk.ru/lists/movies/genre--comedy/?b=series
2025-04-01 19:50:32 - link_collector - INFO - Обработка запроса: site:kinopoisk.ru звездные войны по порядку
2025-04-01 19:50:32 - link_collector - INFO - Найдена ссылка: https://tv.yandex.ru/2?period=all-day&grid=all
2025-04-01 19:50:32 - link_collector - INFO - Обработка запроса: site:yandex.ru фильм комедия
2025-04-01 19:50:32 - link_collector - INFO - Найдена ссылка: https://market.yandex.ru/category/konditsionery
2025-04-01 19:50:32 - link_collector - INFO - Обработка запроса: site:market.yandex.ru купить кондиционер
2025-04-01 19:50:32 - link_collector - INFO - Найдена ссылка: https://www.kinopoisk.ru/media/article/4006719/
2025-04-01 19:50:32 - link_collector - INFO - Обработка запроса: site:rasp.yandex.ru поезд ростов москва
2025-04-01 19:50:41 - link_collector - INFO - Найдена ссылка: https://www.kinopoisk.ru/series/622652/
2025-04-01 19:50:41 - link_collector - INFO - Обработка запроса: site:kinopoisk.ru смотреть онлайн фильм чебурашка
2025-04-01 19:50:41 - link_collector - INFO - Найдена ссылка: https://market.yandex.ru/search?text=%D1%81%D1%82%D0%BE%D0%BB%D0%B8%D0%BA%20%D0%BF%D1%80%D0%B8%D0%BA%D1%80%D0%BE%D0%B2%D0%B0%D1%82%D0%BD%D1%8B%D0%B9
2025-04-01 19:50:41 - link_collector - INFO - Обработка запроса: site:music.yandex.ru песня фотографирую закат
2025-04-01 19:50:41 - link_collector - INFO - Найдена ссылка: https://market.yandex.ru/search?text=%D0%B4%D0%B6%D0%B5%D0%BD%D0%B3%D0%B0
2025-04-01 19:50:41 - link_collector - INFO - Обработка запроса: site:market.yandex.ru купить сони плейстейшен 5
2025-04-01 19:50:41 - link_collector - INFO - Найдена ссылка: https://music.yandex.ru/album/15237474/track/69045090
2025-04-01 19:50:41 - link_collector - INFO - Обработка запроса: site:music.yandex.ru фотографирую закат песня
2025-04-01 19:50:41 - link_collector - INFO - Найдена ссылка: https://hd.kinopoisk.ru/film/7c593f8b496542d7a4533e3445556ecd
2025-04-01 19:50:41 - link_collector - INFO - Обработка запроса: site:music.yandex.ru белые обои
2025-04-01 19:50:42 - link_collector - INFO - Найдена ссылка: https://market.yandex.ru/search?text=%D0%A1%D0%B5%D0%BC%D0%B5%D0%BD%D0%B0%20%D0%BB%D1%8C%D0%BD%D0%B0
2025-04-01 19:50:42 - link_collector - INFO - Обработка запроса: site:music.yandex.ru rocking around the christmas tree текст
2025-04-01 19:50:42 - link_collector - INFO - Найдена ссылка: https://music.yandex.ru/album/15237474/track/69045090
2025-04-01 19:50:42 - link_collector - INFO - Обработка запроса: site:translate.yandex.ru как будет жопа на английском
2025-04-01 19:50:42 - link_collector - INFO - Найдена ссылка: https://yandex.ru/games/
2025-04-01 19:50:42 - link_collector - INFO - Обработка запроса: site:yandex.ru игры яндекс
2025-04-01 19:50:42 - link_collector - INFO - Найдена ссылка: https://music.yandex.ru/album/22406984
2025-04-01 19:50:42 - link_collector - INFO - Обработка запроса: site:www.kinopoisk.ru дарья мороз фильмы
2025-04-01 19:50:42 - link_collector - INFO - Найдена ссылка: https://www.kinopoisk.ru/film/23922/
2025-04-01 19:50:42 - link_collector - INFO - Обработка запроса: site:kinopoisk.ru фильм одиссея
2025-04-01 19:50:43 - link_collector - INFO - Найдена ссылка: https://yandex.ru/games/
2025-04-01 19:50:43 - link_collector - INFO - Обработка запроса: site:yandex.ru яндекс игры
2025-04-01 19:50:43 - link_collector - INFO - Найдена ссылка: https://www.kinopoisk.ru/film/558075/
2025-04-01 19:50:43 - link_collector - INFO - Обработка запроса: site:market.yandex.ru футбол настольный
2025-04-01 19:50:43 - link_collector - INFO - Найдена ссылка: https://market.yandex.ru/category/konditsionery
2025-04-01 19:50:43 - link_collector - INFO - Обработка запроса: site:kinopoisk.ru няньки фильм
2025-04-01 19:50:43 - link_collector - INFO - Найдена ссылка: https://yandex.ru/games/
2025-04-01 19:50:43 - link_collector - INFO - Обработка запроса: site:tv.yandex.ru программа передач
2025-04-01 19:50:44 - link_collector - INFO - Найдена ссылка: https://tv.yandex.ru/
2025-04-01 19:50:44 - link_collector - INFO - Обработка запроса: site:yandex.ru программа передач
2025-04-01 19:50:49 - link_collector - INFO - Найдена ссылка: https://translate.yandex.ru/dictionary/%D0%A0%D1%83%D1%81%D1%81%D0%BA%D0%B8%D0%B9-%D0%90%D0%BD%D0%B3%D0%BB%D0%B8%D0%B9%D1%81%D0%BA%D0%B8%D0%B9/%D0%B6%D0%BE%D0%BF%D0%B0
2025-04-01 19:50:49 - link_collector - INFO - Обработка запроса: site:translate.yandex.ru переводчик на латинский
2025-04-01 19:50:49 - link_collector - INFO - Найдена ссылка: https://translate.yandex.ru/translator/%D0%A0%D1%83%D1%81%D1%81%D0%BA%D0%B8%D0%B9-%D0%9B%D0%B0%D1%82%D1%8B%D0%BD%D1%8C
2025-04-01 19:50:49 - link_collector - INFO - Обработка запроса: site:translate.yandex.ru bit
2025-04-01 19:50:50 - link_collector - INFO - Найдена ссылка: https://translate.yandex.ru/dictionary/%D0%90%D0%BD%D0%B3%D0%BB%D0%B8%D0%B9%D1%81%D0%BA%D0%B8%D0%B9-%D0%A0%D1%83%D1%81%D1%81%D0%BA%D0%B8%D0%B9/bit
2025-04-01 19:50:50 - link_collector - INFO - Обработка запроса: site:tv.yandex.ru телепрограмма на сегодня сургут
2025-04-01 19:50:51 - link_collector - INFO - Найдена ссылка: https://www.kinopoisk.ru/film/18120/
2025-04-01 19:50:51 - link_collector - INFO - Обработка запроса: site:www.kinopoisk.ru няньки фильм
2025-04-01 19:50:51 - link_collector - INFO - Найдена ссылка: https://tv.yandex.ru/973
2025-04-01 19:50:51 - link_collector - INFO - Обработка запроса: site:tv.yandex.ru телепрограмма сургут на сегодня
2025-04-01 19:50:51 - link_collector - INFO - Найдена ссылка: https://tr-page.yandex.ru/translate?lang=en-ru&url=https%3A%2F%2Fen.wikipedia.org%2Fwiki%2FVlad_A4
2025-04-01 19:50:51 - link_collector - INFO - Обработка запроса: site:yandex.ru перинатальный центр
2025-04-01 19:50:51 - link_collector - INFO - Найдена ссылка: https://www.kinopoisk.ru/film/18120/
2025-04-01 19:50:51 - link_collector - INFO - Обработка запроса: site:kinopoisk.ru чудо на гудзоне фильм 2016
2025-04-01 19:50:51 - link_collector - INFO - Найдена ссылка: https://market.yandex.ru/search?text=sony%20PlayStation%205
2025-04-01 19:50:51 - link_collector - INFO - Обработка запроса: site:travel.yandex.ru суздаль отели
2025-04-01 19:50:52 - link_collector - INFO - Найдена ссылка: https://yandex.ru/maps/213/moscow/category/perinatal_medical_centre/20323898407/?page=2
2025-04-01 19:50:52 - link_collector - INFO - Обработка запроса: site:kinopoisk.ru романтические фильмы
2025-04-01 19:50:52 - link_collector - INFO - Найдена ссылка: https://www.kinopoisk.ru/film/805650/
2025-04-01 19:50:52 - link_collector - INFO - Обработка запроса: site:www.kinopoisk.ru чудо на гудзоне фильм 2016
2025-04-01 19:50:52 - link_collector - INFO - Найдена ссылка: https://www.kinopoisk.ru/series/4642803/
2025-04-01 19:50:52 - link_collector - INFO - Обработка запроса: site:yandex.ru джоди фостер
2025-04-01 19:50:52 - link_collector - INFO - Найдена ссылка: https://travel.yandex.ru/hotels/suzdal/
2025-04-01 19:50:52 - link_collector - INFO - Обработка запроса: site:www.kinopoisk.ru фильм один плюс один
2025-04-01 19:50:53 - link_collector - INFO - Найдена ссылка: https://tv.yandex.ru/
2025-04-01 19:50:53 - link_collector - INFO - Обработка запроса: site:yandex.ru погода
2025-04-01 19:50:53 - link_collector - INFO - Найдена ссылка: https://rasp.yandex.ru/train/rostov-on-don--moscow
2025-04-01 19:50:53 - link_collector - INFO - Обработка запроса: site:rasp.yandex.ru поезд москва ростов
2025-04-01 19:50:53 - link_collector - INFO - Найдена ссылка: https://market.yandex.ru/search?text=%D0%9D%D0%B0%D1%81%D1%82%D0%BE%D0%BB%D1%8C%D0%BD%D1%8B%D0%B9%20%D1%84%D1%83%D1%82%D0%B1%D0%BE%D0%BB
2025-04-01 19:50:53 - link_collector - INFO - Обработка запроса: site:translate.yandex.ru переводчик латинский
2025-04-01 19:50:54 - link_collector - INFO - Найдена ссылка: https://yandex.ru/pogoda/moscow
2025-04-01 19:50:54 - link_collector - INFO - Обработка запроса: site:tv.yandex.ru телепрограмма на сегодня
2025-04-01 19:50:54 - link_collector - INFO - Найдена ссылка: https://rasp.yandex.ru/train/moscow--rostov-don
2025-04-01 19:50:54 - link_collector - INFO - Обработка запроса: site:rasp.yandex.ru москва ростов поезд
2025-04-01 19:50:54 - link_collector - INFO - Найдена ссылка: https://tv.yandex.ru/213?period=now
2025-04-01 19:50:54 - link_collector - INFO - Обработка запроса: site:yandex.ru телепрограмма на сегодня
2025-04-01 19:50:55 - link_collector - INFO - Найдена ссылка: https://rasp.yandex.ru/train/moscow--rostov-don
2025-04-01 19:50:55 - link_collector - INFO - Обработка запроса: site:www.kinopoisk.ru комедии сериалы
2025-04-01 19:50:55 - link_collector - INFO - Найдена ссылка: https://music.yandex.ru/translate/track/2414746
2025-04-01 19:50:55 - link_collector - INFO - Обработка запроса: site:music.yandex.ru магомаев море
2025-04-01 19:50:56 - link_collector - INFO - Найдена ссылка: https://music.yandex.ru/album/12397263/track/72214272/
2025-04-01 19:50:56 - link_collector - INFO - Обработка запроса: site:music.yandex.ru море магомаев
2025-04-01 19:50:56 - link_collector - INFO - Найдена ссылка: https://music.yandex.ru/album/12397263/track/72214272/
2025-04-01 19:50:56 - link_collector - INFO - Обработка запроса: site:n.maps.yandex.ru карты яндекс онлайн в реальном времени
2025-04-01 19:50:57 - link_collector - INFO - Найдена ссылка: https://n.maps.yandex.ru/
2025-04-01 19:50:57 - link_collector - INFO - Обработка запроса: site:rasp.yandex.ru жд билеты минск москва
2025-04-01 19:50:59 - link_collector - INFO - Найдена ссылка: https://www.kinopoisk.ru/lists/movies/theme_love/
2025-04-01 19:50:59 - link_collector - INFO - Обработка запроса: site:www.kinopoisk.ru романтические фильмы
2025-04-01 19:50:59 - link_collector - INFO - Найдена ссылка: https://www.kinopoisk.ru/film/805650/
2025-04-01 19:50:59 - link_collector - INFO - Обработка запроса: site:kinopoisk.ru красивый плохой злой
2025-04-01 19:51:00 - link_collector - INFO - Найдена ссылка: https://www.kinopoisk.ru/lists/movies/theme_love/
2025-04-01 19:51:00 - link_collector - INFO - Обработка запроса: site:yandex.ru ирина гринева
2025-04-01 19:51:00 - link_collector - INFO - Найдена ссылка: https://www.kinopoisk.ru/film/726805/
2025-04-01 19:51:00 - link_collector - INFO - Обработка запроса: site:travel.yandex.ru отели в сочи
2025-04-01 19:51:00 - link_collector - INFO - Найдена ссылка: https://afisha.yandex.ru/artist/irina-grineva?city=moscow
2025-04-01 19:51:00 - link_collector - INFO - Обработка запроса: site:ir.yandex.ru елка яндекс
2025-04-01 19:51:00 - link_collector - INFO - Найдена ссылка: https://travel.yandex.ru/hotels/sochi/filter-near-sea/
2025-04-01 19:51:00 - link_collector - INFO - Обработка запроса: site:www.kinopoisk.ru красивый плохой злой
2025-04-01 19:51:01 - link_collector - INFO - Найдена ссылка: https://translate.yandex.ru/translator/%D0%9B%D0%B0%D1%82%D1%8B%D0%BD%D1%8C-%D0%A0%D1%83%D1%81%D1%81%D0%BA%D0%B8%D0%B9
2025-04-01 19:51:01 - link_collector - INFO - Обработка запроса: site:translate.yandex.ru латинский переводчик
2025-04-01 19:51:02 - link_collector - INFO - Найдена ссылка: https://tv.yandex.ru/?utm_
2025-04-01 19:51:02 - link_collector - INFO - Обработка запроса: site:translate.yandex.ru переводчик с английского на русский
2025-04-01 19:51:02 - link_collector - INFO - Найдена ссылка: https://tr-page.yandex.ru/translate?lang=en-ru&url=https%3A%2F%2Fwww.imdb.com%2Flist%2Fls000038386%2F
2025-04-01 19:51:02 - link_collector - INFO - Обработка запроса: site:yandex.ru хлоя грейс морец
2025-04-01 19:51:02 - link_collector - INFO - Найдена ссылка: https://www.kinopoisk.ru/name/245617/
2025-04-01 19:51:02 - link_collector - INFO - Обработка запроса: site:www.kinopoisk.ru обратная сторона луны сериал
2025-04-01 19:51:02 - link_collector - INFO - Найдена ссылка: https://translate.yandex.ru/translator/%D0%9B%D0%B0%D1%82%D1%8B%D0%BD%D1%8C-%D0%A0%D1%83%D1%81%D1%81%D0%BA%D0%B8%D0%B9
2025-04-01 19:51:02 - link_collector - INFO - Обработка запроса: site:tv.yandex.ru телепрограмма на сегодня петрозаводск
2025-04-01 19:51:02 - link_collector - INFO - Найдена ссылка: https://www.kinopoisk.ru/lists/movies/genre--comedy/?b=series&b=foreign
2025-04-01 19:51:02 - link_collector - INFO - Обработка запроса: site:www.kinopoisk.ru звездные войны по порядку
2025-04-01 19:51:02 - link_collector - INFO - Найдена ссылка: https://auto.ru/moskva/cars/lexus/lx-570/all/seats-8/
2025-04-01 19:51:02 - link_collector - INFO - Обработка запроса: site:auto.ru lexus lx 570
2025-04-01 19:51:02 - link_collector - INFO - Найдена ссылка: https://translate.yandex.ru/translator/%D0%90%D0%BD%D0%B3%D0%BB%D0%B8%D0%B9%D1%81%D0%BA%D0%B8%D0%B9-%D0%A0%D1%83%D1%81%D1%81%D0%BA%D0%B8%D0%B9
2025-04-01 19:51:02 - link_collector - INFO - Обработка запроса: site:yandex.ru переводчик с английского на русский
2025-04-01 19:51:02 - link_collector - INFO - Найдена ссылка: https://www.kinopoisk.ru/series/622652/
2025-04-01 19:51:02 - link_collector - INFO - Обработка запроса: site:www.kinopoisk.ru смотреть онлайн фильм чебурашка
2025-04-01 19:51:03 - link_collector - INFO - Найдена ссылка: https://www.kinopoisk.ru/media/article/4006719/
2025-04-01 19:51:03 - link_collector - INFO - Обработка запроса: site:kinopoisk.ru пара из будущего фильм 2021
2025-04-01 19:51:03 - link_collector - INFO - Найдена ссылка: https://tv.yandex.ru/18
2025-04-01 19:51:03 - link_collector - INFO - Обработка запроса: site:www.kinopoisk.ru фильм одиссея
2025-04-01 19:51:03 - link_collector - INFO - Найдена ссылка: https://translate.yandex.ru/translator/%D0%90%D0%BD%D0%B3%D0%BB%D0%B8%D0%B9%D1%81%D0%BA%D0%B8%D0%B9-%D0%A0%D1%83%D1%81%D1%81%D0%BA%D0%B8%D0%B9
2025-04-01 19:51:03 - link_collector - INFO - Обработка запроса: site:yandex.ru кхл
2025-04-01 19:51:03 - link_collector - INFO - Найдена ссылка: https://www.kinopoisk.ru/film/1405926/
2025-04-01 19:51:03 - link_collector - INFO - Обработка запроса: site:www.kinopoisk.ru пара из будущего фильм 2021
2025-04-01 19:51:07 - link_collector - INFO - Найдена ссылка: https://rasp.yandex.ru/train/minsk--moscow
2025-04-01 19:51:07 - link_collector - INFO - Обработка запроса: site:rasp.yandex.ru жд билеты москва минск
2025-04-01 19:51:07 - link_collector - INFO - Найдена ссылка: https://tv.yandex.ru/973
2025-04-01 19:51:07 - link_collector - INFO - Обработка запроса: site:uslugi.yandex.ru кухни на заказ от производителя в москве
2025-04-01 19:51:08 - link_collector - INFO - Найдена ссылка: https://rasp.yandex.ru/train/moscow--minsk
2025-04-01 19:51:08 - link_collector - INFO - Обработка запроса: site:rasp.yandex.ru москва нара электричка
2025-04-01 19:51:08 - link_collector - INFO - Найдена ссылка: https://rasp.yandex.ru/suburban/moscow--nara-station
2025-04-01 19:51:08 - link_collector - INFO - Обработка запроса: site:rasp.yandex.ru нара москва электричка
2025-04-01 19:51:11 - link_collector - INFO - Найдена ссылка: https://www.kinopoisk.ru/film/558075/
2025-04-01 19:51:11 - link_collector - INFO - Обработка запроса: site:auto.ru тойота рав 4 купить
2025-04-01 19:51:11 - link_collector - INFO - Найдена ссылка: https://www.kinopoisk.ru/film/726805/
2025-04-01 19:51:11 - link_collector - INFO - Обработка запроса: site:market.yandex.ru ролики
2025-04-01 19:51:14 - link_collector - INFO - Найдена ссылка: https://www.kinopoisk.ru/film/1405926/
2025-04-01 19:51:14 - link_collector - INFO - Обработка запроса: site:kinopoisk.ru кукушка фильм
2025-04-01 19:51:14 - link_collector - INFO - Найдена ссылка: https://www.kinopoisk.ru/film/7967/
2025-04-01 19:51:14 - link_collector - INFO - Обработка запроса: site:www.kinopoisk.ru кукушка фильм
2025-04-01 19:51:15 - link_collector - INFO - Найдена ссылка: https://www.kinopoisk.ru/film/7967/
2025-04-01 19:51:15 - link_collector - INFO - Обработка запроса: site:kinopoisk.ru том и джерри мультфильм 1940
2025-04-01 19:51:17 - link_collector - INFO - Найдена ссылка: https://ir.yandex.ru/press-releases?year=2024&id=03-05-12-2024
2025-04-01 19:51:17 - link_collector - INFO - Обработка запроса: site:yandex.ru елка яндекс
2025-04-01 19:51:17 - link_collector - INFO - Найдена ссылка: https://rasp.yandex.ru/suburban/nara--moscow/today
2025-04-01 19:51:17 - link_collector - INFO - Обработка запроса: site:yandex.kz пенсионерам не сидится
2025-04-01 19:51:18 - link_collector - INFO - Найдена ссылка: https://market.yandex.ru/search?text=%D0%B8%D1%81%D0%BA%D1%83%D1%81%D1%81%D1%82%D0%B2%D0%B5%D0%BD%D0%BD%D1%8B%D0%B5%20%D0%B5%D0%BB%D0%BA%D0%B8
2025-04-01 19:51:18 - link_collector - INFO - Обработка запроса: site:yandex.ru набиуллина эльвира
2025-04-01 19:51:18 - link_collector - INFO - Найдена ссылка: https://xmlsearch.yandex.kz/video/preview/363577859868863166?noreask=1
2025-04-01 19:51:18 - link_collector - INFO - Обработка запроса: site:auto.ru dodge ram trx
2025-04-01 19:51:22 - link_collector - INFO - Найдена ссылка: https://tr-page.yandex.ru/translate?lang=en-ru&url=https%3A%2F%2Fen.wikipedia.org%2Fwiki%2FJodie_Foster
2025-04-01 19:51:22 - link_collector - INFO - Обработка запроса: site:yandex.ru эван питерс
2025-04-01 19:51:22 - link_collector - INFO - Найдена ссылка: https://market.yandex.ru/search?text=%D0%BA%D1%83%D0%BF%D0%B8%D1%82%D1%8C%20%D1%80%D0%BE%D0%BB%D0%B8%D0%BA%D0%BE%D0%B2%D1%8B%D0%B5%20%D0%BA%D0%BE%D0%BD%D1%8C%D0%BA%D0%B8
2025-04-01 19:51:22 - link_collector - INFO - Обработка запроса: site:kinopoisk.ru фильм алиса в стране чудес
2025-04-01 19:51:22 - link_collector - INFO - Найдена ссылка: https://www.kinopoisk.ru/film/405609/
2025-04-01 19:51:22 - link_collector - INFO - Обработка запроса: site:www.kinopoisk.ru фильм алиса в стране чудес
2025-04-01 19:51:23 - link_collector - INFO - Найдена ссылка: https://tr-page.yandex.ru/translate?lang=en-ru&url=https%3A%2F%2Fen.wikipedia.org%2Fwiki%2FChlo%25C3%25AB_Grace_Moretz
2025-04-01 19:51:23 - link_collector - INFO - Обработка запроса: site:kinopoisk.ru хоббит нежданное путешествие фильм 2012
2025-04-01 19:51:23 - link_collector - INFO - Найдена ссылка: https://www.kinopoisk.ru/film/405609/
2025-04-01 19:51:23 - link_collector - INFO - Обработка запроса: site:kinopoisk.ru фильм игрушка
2025-04-01 19:51:23 - link_collector - INFO - Найдена ссылка: https://www.kinopoisk.ru/film/278522/
2025-04-01 19:51:23 - link_collector - INFO - Обработка запроса: site:www.kinopoisk.ru хоббит нежданное путешествие фильм 2012
2025-04-01 19:51:24 - link_collector - INFO - Найдена ссылка: https://tr-page.yandex.ru/translate?lang=en-ru&url=https%3A%2F%2Fen.wikipedia.org%2Fwiki%2FKontinental_Hockey_League
2025-04-01 19:51:24 - link_collector - INFO - Обработка запроса: site:music.yandex.ru музыка яндекс
2025-04-01 19:51:24 - link_collector - INFO - Найдена ссылка: https://www.kinopoisk.ru/series/1145146/
2025-04-01 19:51:24 - link_collector - INFO - Обработка запроса: site:www.kinopoisk.ru том и джерри мультфильм 1940
2025-04-01 19:51:24 - link_collector - INFO - Найдена ссылка: https://www.kinopoisk.ru/series/1145146/
2025-04-01 19:51:24 - link_collector - INFO - Обработка запроса: site:kinopoisk.ru сериал я знаю кто тебя убил
2025-04-01 19:51:25 - link_collector - INFO - Найдена ссылка: https://www.kinopoisk.ru/series/5331465/
2025-04-01 19:51:25 - link_collector - INFO - Обработка запроса: site:www.kinopoisk.ru сериал я знаю кто тебя убил
2025-04-01 19:51:30 - link_collector - INFO - Найдена ссылка: https://www.kinopoisk.ru/film/535341/
2025-04-01 19:51:30 - link_collector - INFO - Обработка запроса: site:www.kinopoisk.ru фильм лес
2025-04-01 19:51:30 - link_collector - INFO - Найдена ссылка: https://www.kinopoisk.ru/film/1041718/
2025-04-01 19:51:30 - link_collector - INFO - Обработка запроса: site:www.kinopoisk.ru зеррин текиндор
2025-04-01 19:51:31 - link_collector - INFO - Найдена ссылка: https://www.kinopoisk.ru/name/976893/
2025-04-01 19:51:31 - link_collector - INFO - Обработка запроса: site:kinopoisk.ru запад восток
2025-04-01 19:51:32 - link_collector - INFO - Найдена ссылка: https://www.kinopoisk.ru/film/57004/
2025-04-01 19:51:32 - link_collector - INFO - Обработка запроса: site:www.kinopoisk.ru фильм игрушка
2025-04-01 19:51:32 - link_collector - INFO - Найдена ссылка: https://www.kinopoisk.ru/series/5331465/
2025-04-01 19:51:32 - link_collector - INFO - Обработка запроса: site:music.yandex.ru два кусочека колбаски
2025-04-01 19:51:32 - link_collector - INFO - Найдена ссылка: https://music.yandex.ru/?utmain
2025-04-01 19:51:32 - link_collector - INFO - Обработка запроса: site:yandex.com музыка яндекс
2025-04-01 19:51:32 - link_collector - INFO - Найдена ссылка: https://music.yandex.ru/album/4694408
2025-04-01 19:51:32 - link_collector - INFO - Обработка запроса: site:rasp.yandex.ru нижний новгород заволжье расписание электричек
2025-04-01 19:51:32 - link_collector - INFO - Найдена ссылка: https://www.kinopoisk.ru/film/57004/
2025-04-01 19:51:32 - link_collector - INFO - Обработка запроса: site:kinopoisk.ru призраки сериал
2025-04-01 19:51:32 - link_collector - INFO - Найдена ссылка: https://music.yandex.com/
2025-04-01 19:51:32 - link_collector - INFO - Обработка запроса: site:yandex.ru музыка яндекс
2025-04-01 19:51:33 - link_collector - INFO - Найдена ссылка: https://hd.kinopoisk.ru/film/4300ca4c2adb240ca2c7880db36a7ce9
2025-04-01 19:51:33 - link_collector - INFO - Обработка запроса: site:www.kinopoisk.ru призраки сериал
2025-04-01 19:51:33 - link_collector - INFO - Найдена ссылка: https://rasp.yandex.ru/suburban/nizhny-novgorod--zavoljie
2025-04-01 19:51:33 - link_collector - INFO - Обработка запроса: site:rasp.yandex.ru расписание электричек заволжье нижний новгород
2025-04-01 19:51:33 - link_collector - INFO - Найдена ссылка: https://music.yandex.ru/?utmain
2025-04-01 19:51:33 - link_collector - INFO - Обработка запроса: site:music.yandex.ru яндекс музыка
2025-04-01 19:51:33 - link_collector - INFO - Найдена ссылка: https://www.kinopoisk.ru/film/4370148/
2025-04-01 19:51:33 - link_collector - INFO - Обработка запроса: site:yandex.cloud cloud
2025-04-01 19:51:34 - link_collector - INFO - Найдена ссылка: https://music.yandex.ru/?utmain
2025-04-01 19:51:34 - link_collector - INFO - Обработка запроса: site:yandex.ru яндекс музыка
2025-04-01 19:51:34 - link_collector - INFO - Найдена ссылка: https://rasp.yandex.ru/all-transport/zavoljie--nizhniy-novgorod
2025-04-01 19:51:34 - link_collector - INFO - Обработка запроса: site:rasp.yandex.ru расписание электричек нижний новгород заволжье
2025-04-01 19:51:34 - link_collector - INFO - Найдена ссылка: https://yandex.cloud/
2025-04-01 19:51:34 - link_collector - INFO - Обработка запроса: site:yandex.kz яндекс навигатор как установить
2025-04-01 19:51:35 - link_collector - INFO - Найдена ссылка: https://www.kinopoisk.ru/film/278522/
2025-04-01 19:51:35 - link_collector - INFO - Обработка запроса: site:yandex.ru песня ягодка малинка
2025-04-01 19:51:35 - link_collector - INFO - Найдена ссылка: https://yandex.ru/video/preview/15469779680249611666
2025-04-01 19:51:35 - link_collector - INFO - Обработка запроса: site:yandex.ru хилькевич анна
2025-04-01 19:51:36 - link_collector - INFO - Найдена ссылка: https://music.yandex.ru/artist/11780347/
2025-04-01 19:51:36 - link_collector - INFO - Обработка запроса: site:yandex.ru ветеринарная клиника
2025-04-01 19:51:39 - link_collector - INFO - Найдена ссылка: https://tr-page.yandex.ru/translate?lang=en-ru&url=https%3A%2F%2Fen.wikipedia.org%2Fwiki%2FElvira_Nabiullina
2025-04-01 19:51:39 - link_collector - INFO - Обработка запроса: site:yandex.ru омар
2025-04-01 19:51:40 - link_collector - INFO - Найдена ссылка: https://www.kinopoisk.ru/series/1001169/
2025-04-01 19:51:40 - link_collector - INFO - Обработка запроса: site:www.kinopoisk.ru запад восток
2025-04-01 19:51:40 - link_collector - INFO - Найдена ссылка: https://www.kinopoisk.ru/series/1001169/
2025-04-01 19:51:40 - link_collector - INFO - Обработка запроса: site:business.yandex.ru яндекс справочник
2025-04-01 19:51:41 - link_collector - INFO - Найдена ссылка: https://business.yandex.ru/sprav/index/
2025-04-01 19:51:41 - link_collector - INFO - Обработка запроса: site:rasp.yandex.ru краснодар тимашевск электричка
2025-04-01 19:51:41 - link_collector - INFO - Найдена ссылка: https://rasp.yandex.ru/suburban/nizhny-novgorod--zavoljie
2025-04-01 19:51:41 - link_collector - INFO - Обработка запроса: site:kinopoisk.ru выбор фильм 2015
2025-04-01 19:51:42 - link_collector - INFO - Найдена ссылка: https://www.kinopoisk.ru/film/843209/
2025-04-01 19:51:42 - link_collector - INFO - Обработка запроса: site:www.kinopoisk.ru выбор фильм 2015
2025-04-01 19:51:42 - link_collector - INFO - Найдена ссылка: https://www.kinopoisk.ru/film/843209/
2025-04-01 19:51:42 - link_collector - INFO - Обработка запроса: site:afisha.yandex.ru спартак витязь
2025-04-01 19:51:43 - link_collector - INFO - Найдена ссылка: https://tr-page.yandex.ru/translate?lang=en-ru&url=https%3A%2F%2Fen.wikipedia.org%2Fwiki%2FEvan_Peters
2025-04-01 19:51:43 - link_collector - INFO - Обработка запроса: site:yandex.ru слушать белый шум для новорожденных
2025-04-01 19:51:43 - link_collector - INFO - Найдена ссылка: https://music.yandex.ru/?utmain
2025-04-01 19:51:43 - link_collector - INFO - Обработка запроса: site:360.yandex.ru почта яндекс
2025-04-01 19:51:43 - link_collector - INFO - Найдена ссылка: https://yandex.ru/video/preview/4831817569701275177
2025-04-01 19:51:43 - link_collector - INFO - Обработка запроса: site:yandex.ru платформа фильм
2025-04-01 19:51:44 - link_collector - INFO - Найдена ссылка: https://360.yandex.ru/mail/
2025-04-01 19:51:44 - link_collector - INFO - Обработка запроса: site:id.yandex.ru почта яндекс
2025-04-01 19:51:44 - link_collector - INFO - Найдена ссылка: https://yandex.kz/support/navigator/ru/download
2025-04-01 19:51:44 - link_collector - INFO - Обработка запроса: site:kinopoisk.ru где находится нофелет
2025-04-01 19:51:44 - link_collector - INFO - Найдена ссылка: https://id.yandex.ru/settings
2025-04-01 19:51:44 - link_collector - INFO - Обработка запроса: site:yandex.ru почта яндекс
2025-04-01 19:51:45 - link_collector - INFO - Найдена ссылка: https://www.kinopoisk.ru/film/44476/
2025-04-01 19:51:45 - link_collector - INFO - Обработка запроса: site:kinopoisk.ru элементарно сериал 2012 2019
2025-04-01 19:51:45 - link_collector - INFO - Найдена ссылка: https://www.kinopoisk.ru/series/661210/
2025-04-01 19:51:45 - link_collector - INFO - Обработка запроса: site:music.yandex.ru штиль текст
2025-04-01 19:51:46 - link_collector - INFO - Найдена ссылка: https://yandex.ru/maps/213/moscow/search/%D0%B2%D0%B5%D1%82%D0%B5%D1%80%D0%B8%D0%BD%D0%B0%D1%80%D0%BD%D0%B0%D1%8F%20%D0%BA%D0%BB%D0%B8%D0%BD%D0%B8%D0%BA%D0%B0/
2025-04-01 19:51:46 - link_collector - INFO - Обработка запроса: site:yandex.ru райан рейнольдс фильмы
2025-04-01 19:51:48 - link_collector - INFO - Найдена ссылка: https://uslugi.yandex.ru/213-moscow/category?text=%D0%BA%D1%83%D1%85%D0%BD%D1%8F+%D0%BD%D0%B0+%D0%B7%D0%B0%D0%BA%D0%B0%D0%B7+%D0%BF%D0%BE+%D0%B8%D0%BD%D0%B4%D0%B8%D0%B2%D0%B8%D0%B4%D1%83%D0%B0%D0%BB%D1%8C%D0%BD%D1%8B%D0%BC+%D1%80%D0%B0%D0%B7%D0%BC%D0%B5%D1%80%D0%B0%D0%BC
2025-04-01 19:51:48 - link_collector - INFO - Обработка запроса: site:tv.yandex.ru программа тв на сегодня в спб все каналы
2025-04-01 19:51:49 - link_collector - INFO - Найдена ссылка: https://tv.yandex.ru/2?grid=all
2025-04-01 19:51:49 - link_collector - INFO - Обработка запроса: site:tv.yandex.ru программа тв в спб на сегодня все каналы
2025-04-01 19:51:51 - link_collector - INFO - Найдена ссылка: https://rasp.yandex.ru/suburban/krasnodar-1-station--timashevskaya-1/today
2025-04-01 19:51:51 - link_collector - INFO - Обработка запроса: site:translate.yandex.ru перевод с английского на русский язык
2025-04-01 19:51:51 - link_collector - INFO - Найдена ссылка: https://tv.yandex.ru/program/platforma-5460152
2025-04-01 19:51:51 - link_collector - INFO - Обработка запроса: site:yandex.ru евгений пронин
2025-04-01 19:51:51 - link_collector - INFO - Найдена ссылка: https://360.yandex.ru/mail/
2025-04-01 19:51:51 - link_collector - INFO - Обработка запроса: site:360.yandex.ru яндекс почта
2025-04-01 19:51:51 - link_collector - INFO - Найдена ссылка: https://auto.ru/moskva/cars/lexus/lx-570/all/
2025-04-01 19:51:51 - link_collector - INFO - Обработка запроса: site:kinopoisk.ru обитаемый остров фильм 2008
2025-04-01 19:51:52 - link_collector - INFO - Найдена ссылка: https://afisha.yandex.ru/artist/evgenii-pronin?city=samara
2025-04-01 19:51:52 - link_collector - INFO - Обработка запроса: site:yandex.ru луганск
2025-04-01 19:51:52 - link_collector - INFO - Найдена ссылка: https://afisha.yandex.ru/sportclub/hc-spartak-moscow?city=moscow
2025-04-01 19:51:52 - link_collector - INFO - Обработка запроса: site:kinopoisk.ru претенденты фильм
2025-04-01 19:51:52 - link_collector - INFO - Найдена ссылка: https://translate.yandex.ru/dictionary/%D0%90%D0%BD%D0%B3%D0%BB%D0%B8%D0%B9%D1%81%D0%BA%D0%B8%D0%B9-%D0%A0%D1%83%D1%81%D1%81%D0%BA%D0%B8%D0%B9/%21%21
2025-04-01 19:51:52 - link_collector - INFO - Обработка запроса: site:translate.yandex.ru перевод на русский язык с английского
2025-04-01 19:51:52 - link_collector - INFO - Найдена ссылка: https://360.yandex.ru/mail/
2025-04-01 19:51:52 - link_collector - INFO - Обработка запроса: site:id.yandex.ru яндекс почта
2025-04-01 19:51:52 - link_collector - INFO - Найдена ссылка: https://auto.ru/moskva/cars/toyota/rav_4/2023-year/all/
2025-04-01 19:51:52 - link_collector - INFO - Обработка запроса: site:kinopoisk.ru на гребне волны фильм 2015
2025-04-01 19:51:52 - link_collector - INFO - Найдена ссылка: https://www.kinopoisk.ru/film/257774/
2025-04-01 19:51:52 - link_collector - INFO - Обработка запроса: site:kinopoisk.ru затмение фильм 2017
2025-04-01 19:51:52 - link_collector - INFO - Найдена ссылка: https://www.kinopoisk.ru/film/4860116/
2025-04-01 19:51:52 - link_collector - INFO - Обработка запроса: site:music.yandex.ru опустела без тебя земля
2025-04-01 19:51:52 - link_collector - INFO - Найдена ссылка: https://yandex.ru/maps/geo/lugansk/1444459182/
2025-04-01 19:51:52 - link_collector - INFO - Обработка запроса: site:kinopoisk.ru человек паук 2
2025-04-01 19:51:52 - link_collector - INFO - Найдена ссылка: https://id.yandex.ru/settings
2025-04-01 19:51:52 - link_collector - INFO - Обработка запроса: site:yandex.ru яндекс почта
2025-04-01 19:51:52 - link_collector - INFO - Найдена ссылка: https://translate.yandex.ru/translator/%D0%90%D0%BD%D0%B3%D0%BB%D0%B8%D0%B9%D1%81%D0%BA%D0%B8%D0%B9-%D0%A0%D1%83%D1%81%D1%81%D0%BA%D0%B8%D0%B9
2025-04-01 19:51:52 - link_collector - INFO - Обработка запроса: site:tv.yandex.ru прогр
2025-04-01 19:51:53 - link_collector - INFO - Найдена ссылка: https://www.kinopoisk.ru/film/623658/
2025-04-01 19:51:53 - link_collector - INFO - Обработка запроса: site:kinopoisk.ru крутые меры
2025-04-01 19:51:53 - link_collector - INFO - Найдена ссылка: https://www.kinopoisk.ru/film/843037/
2025-04-01 19:51:53 - link_collector - INFO - Обработка запроса: site:music.yandex.ru фраер текст михаил круг
2025-04-01 19:51:53 - link_collector - INFO - Найдена ссылка: https://music.yandex.ru/album/12446693/track/24781718
2025-04-01 19:51:53 - link_collector - INFO - Обработка запроса: site:travel.yandex.ru купить билеты на автобус
2025-04-01 19:51:53 - link_collector - INFO - Найдена ссылка: https://www.kinopoisk.ru/film/2898/
2025-04-01 19:51:53 - link_collector - INFO - Обработка запроса: site:www.kinopoisk.ru человек паук 2
2025-04-01 19:51:53 - link_collector - INFO - Найдена ссылка: https://travel.yandex.ru/buses/
2025-04-01 19:51:53 - link_collector - INFO - Обработка запроса: site:www.kinopoisk.ru претенденты фильм
2025-04-01 19:51:56 - link_collector - INFO - Найдена ссылка: https://tv.yandex.ru/2?grid=all
2025-04-01 19:51:56 - link_collector - INFO - Обработка запроса: site:market.yandex.ru sony playstation 5 купить
2025-04-01 19:51:59 - link_collector - INFO - Найдена ссылка: https://auto.ru/catalog/cars/ram/1500/22501433/22501608/equipment/22501608_23668503_22487531/
2025-04-01 19:51:59 - link_collector - INFO - Обработка запроса: site:market.yandex.ru xiaomi фен
2025-04-01 19:52:01 - link_collector - INFO - Найдена ссылка: https://tv.yandex.ru/192
2025-04-01 19:52:01 - link_collector - INFO - Обработка запроса: site:webmaster.yandex.ru яндекс справочник
2025-04-01 19:52:01 - link_collector - INFO - Найдена ссылка: https://www.kinopoisk.ru/film/678233/
2025-04-01 19:52:01 - link_collector - INFO - Обработка запроса: site:market.yandex.ru акустика
2025-04-01 19:52:01 - link_collector - INFO - Найдена ссылка: https://www.kinopoisk.ru/film/2898/
2025-04-01 19:52:01 - link_collector - INFO - Обработка запроса: site:market.yandex.ru маруся колонка
2025-04-01 19:52:02 - link_collector - INFO - Найдена ссылка: https://webmaster.yandex.ru/blog/kak-dobavit-organizatsiyu-v-yandeks-spravochnik-master-klass
2025-04-01 19:52:02 - link_collector - INFO - Обработка запроса: site:kinopoisk.ru снегирь фильм 2023
2025-04-01 19:52:02 - link_collector - INFO - Найдена ссылка: https://www.kinopoisk.ru/film/4485219/
2025-04-01 19:52:02 - link_collector - INFO - Обработка запроса: site:www.kinopoisk.ru снегирь фильм 2023
2025-04-01 19:52:03 - link_collector - INFO - Найдена ссылка: https://www.kinopoisk.ru/film/4485219/
2025-04-01 19:52:03 - link_collector - INFO - Обработка запроса: site:auto.ru ниссан ноут
2025-04-01 19:52:03 - link_collector - INFO - Найдена ссылка: https://music.yandex.ru/album/4058683/track/33221467
2025-04-01 19:52:03 - link_collector - INFO - Обработка запроса: site:music.yandex.ru гагарина кукушка текст
2025-04-01 19:52:04 - link_collector - INFO - Найдена ссылка: https://www.kinopoisk.ru/series/1350067/
2025-04-01 19:52:04 - link_collector - INFO - Обработка запроса: site:kinopoisk.ru балканский рубеж фильм
2025-04-01 19:52:04 - link_collector - INFO - Найдена ссылка: https://music.yandex.ru/album/7699878/track/53733790
2025-04-01 19:52:04 - link_collector - INFO - Обработка запроса: site:music.yandex.ru фраер михаил круг текст
2025-04-01 19:52:04 - link_collector - INFO - Найдена ссылка: https://360.yandex.ru/mail/
2025-04-01 19:52:04 - link_collector - INFO - Обработка запроса: site:yandex.ru фильмы
2025-04-01 19:52:04 - link_collector - INFO - Найдена ссылка: https://www.kinopoisk.ru/film/4860116/
2025-04-01 19:52:04 - link_collector - INFO - Обработка запроса: site:afisha.yandex.ru новокузнецк афиша
2025-04-01 19:52:04 - link_collector - INFO - Найдена ссылка: https://music.yandex.ru/album/24431414/track/110166544/
2025-04-01 19:52:04 - link_collector - INFO - Обработка запроса: site:www.kinopoisk.ru где находится нофелет
2025-04-01 19:52:04 - link_collector - INFO - Найдена ссылка: https://music.yandex.ru/album/4058683/track/33221467
2025-04-01 19:52:04 - link_collector - INFO - Обработка запроса: site:tv.yandex.by крид 2 фильм 2018
2025-04-01 19:52:05 - link_collector - INFO - Найдена ссылка: https://travel.yandex.ru/journal/10-filmov-v-dorogu/
2025-04-01 19:52:05 - link_collector - INFO - Обработка запроса: site:yandex.ru xxx
2025-04-01 19:52:05 - link_collector - INFO - Найдена ссылка: https://www.kinopoisk.ru/film/1000443/
2025-04-01 19:52:05 - link_collector - INFO - Обработка запроса: site:www.kinopoisk.ru балканский рубеж фильм
2025-04-01 19:52:05 - link_collector - INFO - Найдена ссылка: https://www.kinopoisk.ru/film/44476/
2025-04-01 19:52:05 - link_collector - INFO - Обработка запроса: site:www.kinopoisk.ru элементарно сериал 2012 2019
2025-04-01 19:52:05 - link_collector - INFO - Найдена ссылка: https://afisha.yandex.ru/novokuznetsk
2025-04-01 19:52:05 - link_collector - INFO - Обработка запроса: site:kinopoisk.ru актеры полярный
2025-04-01 19:52:05 - link_collector - INFO - Найдена ссылка: https://yandex.ru/video/preview/7829677313216787648
2025-04-01 19:52:05 - link_collector - INFO - Обработка запроса: site:yandex.ru добровольская евгения
2025-04-01 19:52:05 - link_collector - INFO - Найдена ссылка: https://tv.yandex.by/10635/program/krid-2-5588910
2025-04-01 19:52:05 - link_collector - INFO - Обработка запроса: site:www.kinopoisk.ru обитаемый остров фильм 2008
2025-04-01 19:52:05 - link_collector - INFO - Найдена ссылка: https://www.kinopoisk.ru/film/1207237/cast/
2025-04-01 19:52:05 - link_collector - INFO - Обработка запроса: site:www.kinopoisk.ru актеры полярный
2025-04-01 19:52:05 - link_collector - INFO - Найдена ссылка: https://www.kinopoisk.ru/film/661210/reviews/
2025-04-01 19:52:05 - link_collector - INFO - Обработка запроса: site:kinopoisk.ru фильм паранойя
2025-04-01 19:52:06 - link_collector - INFO - Найдена ссылка: https://www.kinopoisk.ru/film/1207237/cast/
2025-04-01 19:52:06 - link_collector - INFO - Обработка запроса: site:kinopoisk.ru бэтмен фильм 1989
2025-04-01 19:52:06 - link_collector - INFO - Найдена ссылка: https://www.kinopoisk.ru/film/466831/
2025-04-01 19:52:06 - link_collector - INFO - Обработка запроса: site:rasp.yandex.ru автобус москва ростов на дону
2025-04-01 19:52:07 - link_collector - INFO - Найдена ссылка: https://tr-page.yandex.ru/translate?lang=en-ru&url=https%3A%2F%2Fen.wikipedia.org%2Fwiki%2FRyan_Reynolds_filmography
2025-04-01 19:52:07 - link_collector - INFO - Обработка запроса: site:yandex.ru сухоруков виктор
2025-04-01 19:52:07 - link_collector - INFO - Найдена ссылка: https://tr-page.yandex.ru/translate?lang=en-ru&url=https%3A%2F%2Fen.wikipedia.org%2Fwiki%2FLobster
2025-04-01 19:52:07 - link_collector - INFO - Обработка запроса: site:yandex.ru секс крутой
2025-04-01 19:52:07 - link_collector - INFO - Найдена ссылка: https://market.yandex.ru/search?text=sony%20PlayStation%205
2025-04-01 19:52:07 - link_collector - INFO - Обработка запроса: site:market.yandex.ru букет цветов красивый
2025-04-01 19:52:08 - link_collector - INFO - Найдена ссылка: https://afisha.yandex.ru/artist/viktor-sukhorukov?city=moscow
2025-04-01 19:52:08 - link_collector - INFO - Обработка запроса: site:tv.yandex.ru программа на весь день все каналы на сегодня
2025-04-01 19:52:08 - link_collector - INFO - Найдена ссылка: https://yandex.ru/video/preview/3961589739867293607
2025-04-01 19:52:08 - link_collector - INFO - Обработка запроса: site:yandex.ru александр бухаров
2025-04-01 19:52:08 - link_collector - INFO - Найдена ссылка: https://afisha.yandex.ru/artist/aleksandr-bukharov?city=manturovo
2025-04-01 19:52:08 - link_collector - INFO - Обработка запроса: site:yandex.ru адам драйвер
2025-04-01 19:52:10 - link_collector - INFO - Найдена ссылка: https://market.yandex.ru/category/feny-xiaomi
2025-04-01 19:52:10 - link_collector - INFO - Обработка запроса: site:rasp.yandex.ru курган тюмень автобус
2025-04-01 19:52:12 - link_collector - INFO - Найдена ссылка: https://market.yandex.ru/search?text=%D0%B0%D0%BA%D1%83%D1%81%D1%82%D0%B8%D0%BA%D0%B0
2025-04-01 19:52:12 - link_collector - INFO - Обработка запроса: site:translate.yandex.ru share
2025-04-01 19:52:12 - link_collector - INFO - Найдена ссылка: https://market.yandex.ru/search?text=%D0%BC%D0%B0%D1%80%D1%83%D1%81%D1%8F%20%D1%81%D1%82%D0%B0%D0%BD%D1%86%D0%B8%D1%8F%20%D0%BA%D0%BE%D0%BB%D0%BE%D0%BD%D0%BA%D0%B0
2025-04-01 19:52:12 - link_collector - INFO - Обработка запроса: site:yandex.ru маруся колонка
2025-04-01 19:52:13 - link_collector - INFO - Найдена ссылка: https://translate.yandex.ru/dictionary/%D0%90%D0%BD%D0%B3%D0%BB%D0%B8%D0%B9%D1%81%D0%BA%D0%B8%D0%B9-%D0%A0%D1%83%D1%81%D1%81%D0%BA%D0%B8%D0%B9/Share
2025-04-01 19:52:13 - link_collector - INFO - Обработка запроса: site:www.kinopoisk.ru на гребне волны фильм 2015
2025-04-01 19:52:13 - link_collector - INFO - Найдена ссылка: https://www.kinopoisk.ru/film/623658/
2025-04-01 19:52:13 - link_collector - INFO - Обработка запроса: site:www.kinopoisk.ru крутые меры
2025-04-01 19:52:14 - link_collector - INFO - Найдена ссылка: https://www.kinopoisk.ru/film/1000443/
2025-04-01 19:52:14 - link_collector - INFO - Обработка запроса: site:kinopoisk.ru дьявол в деталях
2025-04-01 19:52:15 - link_collector - INFO - Найдена ссылка: https://auto.ru/catalog/cars/nissan/note/
2025-04-01 19:52:15 - link_collector - INFO - Обработка запроса: site:market.yandex.ru купить шкаф купе
2025-04-01 19:52:15 - link_collector - INFO - Найдена ссылка: https://www.kinopoisk.ru/film/257774/
2025-04-01 19:52:15 - link_collector - INFO - Обработка запроса: site:www.kinopoisk.ru затмение фильм 2017
2025-04-01 19:52:15 - link_collector - INFO - Найдена ссылка: https://www.kinopoisk.ru/film/1290490/
2025-04-01 19:52:15 - link_collector - INFO - Обработка запроса: site:www.kinopoisk.ru дьявол в деталях
2025-04-01 19:52:15 - link_collector - INFO - Найдена ссылка: https://www.kinopoisk.ru/film/843037/
2025-04-01 19:52:15 - link_collector - INFO - Обработка запроса: site:kinopoisk.ru фильм восточный ветер
2025-04-01 19:52:15 - link_collector - INFO - Найдена ссылка: https://rasp.yandex.ru/bus/moscow--rostov-on-don
2025-04-01 19:52:15 - link_collector - INFO - Обработка запроса: site:rasp.yandex.ru автобус ростов на дону москва
2025-04-01 19:52:15 - link_collector - INFO - Найдена ссылка: https://www.kinopoisk.ru/film/1290490/
2025-04-01 19:52:15 - link_collector - INFO - Обработка запроса: site:kinopoisk.ru кавказская пленница фильм 2014
2025-04-01 19:52:16 - link_collector - INFO - Найдена ссылка: https://www.kinopoisk.ru/film/703187/
2025-04-01 19:52:16 - link_collector - INFO - Обработка запроса: site:kinopoisk.ru феи мультфильм
2025-04-01 19:52:16 - link_collector - INFO - Найдена ссылка: https://www.kinopoisk.ru/film/4205/
2025-04-01 19:52:16 - link_collector - INFO - Обработка запроса: site:www.kinopoisk.ru бэтмен фильм 1989
2025-04-01 19:52:16 - link_collector - INFO - Найдена ссылка: https://rasp.yandex.ru/bus/rostov-on-don--moscow
2025-04-01 19:52:16 - link_collector - INFO - Обработка запроса: site:www.kinopoisk.ru фильм паранойя
2025-04-01 19:52:16 - link_collector - INFO - Найдена ссылка: https://www.kinopoisk.ru/film/689077/
2025-04-01 19:52:16 - link_collector - INFO - Обработка запроса: site:www.kinopoisk.ru кавказская пленница фильм 2014
2025-04-01 19:52:16 - link_collector - INFO - Найдена ссылка: https://www.kinopoisk.ru/film/4205/
2025-04-01 19:52:16 - link_collector - INFO - Обработка запроса: site:n.maps.yandex.ru яндекс карты екатеринбург
2025-04-01 19:52:17 - link_collector - INFO - Найдена ссылка: https://www.kinopoisk.ru/film/466831/
2025-04-01 19:52:17 - link_collector - INFO - Обработка запроса: site:afisha.yandex.ru фестиваль афиша
2025-04-01 19:52:17 - link_collector - INFO - Найдена ссылка: https://n.maps.yandex.ru/
2025-04-01 19:52:17 - link_collector - INFO - Обработка запроса: site:market.yandex.ru фотоаппарат с моментальной печатью
2025-04-01 19:52:17 - link_collector - INFO - Найдена ссылка: https://afisha.yandex.ru/moscow/festival
2025-04-01 19:52:17 - link_collector - INFO - Обработка запроса: site:kinopoisk.ru фильмы самые популярные
2025-04-01 19:52:17 - link_collector - INFO - Найдена ссылка: https://rasp.yandex.ru/bus/kurgan--tyumen-bus-station
2025-04-01 19:52:17 - link_collector - INFO - Обработка запроса: site:travel.yandex.ru гостиница ростов на дону
2025-04-01 19:52:18 - link_collector - INFO - Найдена ссылка: https://tv.yandex.ru/213?period=all-day
2025-04-01 19:52:18 - link_collector - INFO - Обработка запроса: site:tv.yandex.ru программа на весь день на сегодня все каналы
2025-04-01 19:52:18 - link_collector - INFO - Найдена ссылка: https://travel.yandex.ru/hotels/rostov-na-donu/filter-city-center/
2025-04-01 19:52:18 - link_collector - INFO - Обработка запроса: site:tv.yandex.ru программа передач на сегодня все каналы оренбург на весь день
2025-04-01 19:52:18 - link_collector - INFO - Найдена ссылка: https://market.yandex.ru/catalog--tsvety-bukety-kompozitsii/55776/list?text=%D0%B1%D1%83%D0%BA%D0%B5%D1%82%D1%8B%20%D1%86%D0%B2%D0%B5%D1%82%D0%BE%D0%B2%20%D0%BA%D1%80%D0%B0%D1%81%D0%B8%D0%B2%D1%8B%D0%B5
2025-04-01 19:52:18 - link_collector - INFO - Обработка запроса: site:music.yandex.ru вселенная бесконечна
2025-04-01 19:52:19 - link_collector - INFO - Найдена ссылка: https://tv.yandex.ru/213?period=all-day
2025-04-01 19:52:19 - link_collector - INFO - Обработка запроса: site:yandex.ru программа на весь день все каналы на сегодня
2025-04-01 19:52:19 - link_collector - INFO - Найдена ссылка: https://music.yandex.ru/album/23657235/track/107697881
2025-04-01 19:52:19 - link_collector - INFO - Обработка запроса: site:rasp.yandex.ru барнаул новосибирск
2025-04-01 19:52:19 - link_collector - INFO - Найдена ссылка: https://tv.yandex.ru/11084
2025-04-01 19:52:19 - link_collector - INFO - Обработка запроса: site:tv.yandex.ru программа передач на сегодня краснодар все каналы на весь день
2025-04-01 19:52:19 - link_collector - INFO - Найдена ссылка: https://tv.yandex.ru/213?period=all-day
2025-04-01 19:52:19 - link_collector - INFO - Обработка запроса: site:yandex.ru программа на весь день на сегодня все каналы
2025-04-01 19:52:20 - link_collector - INFO - Найдена ссылка: https://tv.yandex.ru/213?period=all-day
2025-04-01 19:52:20 - link_collector - INFO - Обработка запроса: site:yandex.ru джон сина
2025-04-01 19:52:23 - link_collector - INFO - Найдена ссылка: https://market.yandex.ru/search?text=%D0%BC%D0%B0%D1%80%D1%83%D1%81%D1%8F%20%D1%81%D1%82%D0%B0%D0%BD%D1%86%D0%B8%D1%8F%20%D0%BA%D0%BE%D0%BB%D0%BE%D0%BD%D0%BA%D0%B0
2025-04-01 19:52:23 - link_collector - INFO - Обработка запроса: site:yandex.ru невинный вячеслав
2025-04-01 19:52:24 - link_collector - INFO - Найдена ссылка: https://www.kinopoisk.ru/film/678233/
2025-04-01 19:52:24 - link_collector - INFO - Обработка запроса: site:auto.ru ниссан микра
2025-04-01 19:52:25 - link_collector - INFO - Найдена ссылка: https://market.yandex.ru/search?text=%D1%88%D0%BA%D0%B0%D1%84-%D0%BA%D1%83%D0%BF%D0%B5
2025-04-01 19:52:25 - link_collector - INFO - Обработка запроса: site:kinopoisk.ru кука
2025-04-01 19:52:26 - link_collector - INFO - Найдена ссылка: https://tr-page.yandex.ru/translate?lang=en-ru&url=https%3A%2F%2Fen.wikipedia.org%2Fwiki%2FYevgenia_Dobrovolskaya
2025-04-01 19:52:26 - link_collector - INFO - Обработка запроса: site:yandex.ru евгения добровольская
2025-04-01 19:52:26 - link_collector - INFO - Найдена ссылка: https://www.kinopoisk.ru/film/301046/
2025-04-01 19:52:26 - link_collector - INFO - Обработка запроса: site:taxi.yandex.ru такси самара
2025-04-01 19:52:26 - link_collector - INFO - Найдена ссылка: https://www.kinopoisk.ru/film/395049/
2025-04-01 19:52:26 - link_collector - INFO - Обработка запроса: site:market.yandex.ru сосиски
2025-04-01 19:52:27 - link_collector - INFO - Найдена ссылка: https://taxi.yandex.ru/samara/tariff
2025-04-01 19:52:27 - link_collector - INFO - Обработка запроса: site:taxi.yandex.ru самара такси
2025-04-01 19:52:27 - link_collector - INFO - Найдена ссылка: https://www.kinopoisk.ru/lists/movies/top250/country--1/
2025-04-01 19:52:27 - link_collector - INFO - Обработка запроса: site:kinopoisk.ru клиника счастья сериал
2025-04-01 19:52:27 - link_collector - INFO - Найдена ссылка: https://rasp.yandex.ru/train/barnaul--novosibirsk
2025-04-01 19:52:27 - link_collector - INFO - Обработка запроса: site:lavka.yandex.ru шоколад молочный
2025-04-01 19:52:27 - link_collector - INFO - Найдена ссылка: https://www.kinopoisk.ru/film/689077/
2025-04-01 19:52:27 - link_collector - INFO - Обработка запроса: site:market.yandex.ru стиральную машину купить
2025-04-01 19:52:27 - link_collector - INFO - Найдена ссылка: https://tv.yandex.ru/35?grid=all&period=all-day
2025-04-01 19:52:27 - link_collector - INFO - Обработка запроса: site:business.yandex.ru яндекс организации мои
2025-04-01 19:52:27 - link_collector - INFO - Найдена ссылка: https://taxi.yandex.ru/samara/tariff
2025-04-01 19:52:27 - link_collector - INFO - Обработка запроса: site:www.kinopoisk.ru фильм восточный ветер
2025-04-01 19:52:27 - link_collector - INFO - Найдена ссылка: https://www.kinopoisk.ru/series/1412155/
2025-04-01 19:52:27 - link_collector - INFO - Обработка запроса: site:kinopoisk.ru жена путешественника во времени
2025-04-01 19:52:27 - link_collector - INFO - Найдена ссылка: https://business.yandex.ru/sprav/index/
2025-04-01 19:52:27 - link_collector - INFO - Обработка запроса: site:business.yandex.ru яндекс мои организации
2025-04-01 19:52:28 - link_collector - INFO - Найдена ссылка: https://www.kinopoisk.ru/film/703187/
2025-04-01 19:52:28 - link_collector - INFO - Обработка запроса: site:www.kinopoisk.ru феи мультфильм
2025-04-01 19:52:28 - link_collector - INFO - Найдена ссылка: https://www.kinopoisk.ru/film/102128/
2025-04-01 19:52:28 - link_collector - INFO - Обработка запроса: site:market.yandex.ru барбекю
2025-04-01 19:52:28 - link_collector - INFO - Найдена ссылка: https://business.yandex.ru/sprav/index/
2025-04-01 19:52:28 - link_collector - INFO - Обработка запроса: site:hd.kinopoisk.ru смотреть хищник
2025-04-01 19:52:34 - link_collector - INFO - Найдена ссылка: https://market.yandex.ru/category/fotoapparaty-momentalnoy-pechati
2025-04-01 19:52:34 - link_collector - INFO - Обработка запроса: site:kinopoisk.ru большой фильм
2025-04-01 19:52:35 - link_collector - INFO - Найдена ссылка: https://www.kinopoisk.ru/film/841472/
2025-04-01 19:52:35 - link_collector - INFO - Обработка запроса: site:kinopoisk.ru сериалы про подростков
2025-04-01 19:52:35 - link_collector - INFO - Найдена ссылка: https://www.kinopoisk.ru/film/301046/
2025-04-01 19:52:35 - link_collector - INFO - Обработка запроса: site:kinopoisk.ru соперники
2025-04-01 19:52:35 - link_collector - INFO - Найдена ссылка: https://www.kinopoisk.ru/lists/movies/tvseries_teenagers/?b=series
2025-04-01 19:52:35 - link_collector - INFO - Обработка запроса: site:translate.yandex.ru переводчик украинский русский
2025-04-01 19:52:35 - link_collector - INFO - Найдена ссылка: https://www.kinopoisk.ru/film/95948/
2025-04-01 19:52:35 - link_collector - INFO - Обработка запроса: site:travel.yandex.ru отели анапа
2025-04-01 19:52:36 - link_collector - INFO - Найдена ссылка: https://travel.yandex.ru/hotels/anapa/
2025-04-01 19:52:36 - link_collector - INFO - Обработка запроса: site:travel.yandex.ru калининград море
2025-04-01 19:52:38 - link_collector - INFO - Найдена ссылка: https://tr-page.yandex.ru/translate?lang=en-ru&url=https%3A%2F%2Fen.wikipedia.org%2Fwiki%2FAdam_Driver
2025-04-01 19:52:38 - link_collector - INFO - Обработка запроса: site:tv.yandex.by программа передач на сегодня беларусь все каналы
2025-04-01 19:52:38 - link_collector - INFO - Найдена ссылка: https://lavka.yandex.ru/category/shokolad_i_konfety/molochnyj-shokolad-1
2025-04-01 19:52:38 - link_collector - INFO - Обработка запроса: site:music.yandex.ru hit the road jack
2025-04-01 19:52:38 - link_collector - INFO - Найдена ссылка: https://market.yandex.ru/category/stiralnyye-mashiny
2025-04-01 19:52:38 - link_collector - INFO - Обработка запроса: site:360.yandex.com диск яндекс открыть
2025-04-01 19:52:38 - link_collector - INFO - Найдена ссылка: https://hd.kinopoisk.ru/film/428fe36b9f747574b0f9e0f8667112ad
2025-04-01 19:52:38 - link_collector - INFO - Обработка запроса: site:ir.yandex.ru ооо яндекс
2025-04-01 19:52:38 - link_collector - INFO - Найдена ссылка: https://music.yandex.ru/album/503883/track/4426860/
2025-04-01 19:52:38 - link_collector - INFO - Обработка запроса: site:translate.yandex.ru время на английском
2025-04-01 19:52:38 - link_collector - INFO - Найдена ссылка: https://360.yandex.com/disk/
2025-04-01 19:52:38 - link_collector - INFO - Обработка запроса: site:360.yandex.ru диск яндекс открыть
2025-04-01 19:52:38 - link_collector - INFO - Найдена ссылка: https://tv.yandex.by/149?grid=all&period=now
2025-04-01 19:52:38 - link_collector - INFO - Обработка запроса: site:tv.yandex.by программа передач на сегодня все каналы беларусь
2025-04-01 19:52:39 - link_collector - INFO - Найдена ссылка: https://ir.yandex.ru/
2025-04-01 19:52:39 - link_collector - INFO - Обработка запроса: site:rasp.yandex.ru нара апрелевка расписание электричек
2025-04-01 19:52:39 - link_collector - INFO - Найдена ссылка: https://360.yandex.ru/disk/
2025-04-01 19:52:39 - link_collector - INFO - Обработка запроса: site:kinopoisk.ru эдвард руки ножницы фильм 1990
2025-04-01 19:52:39 - link_collector - INFO - Найдена ссылка: https://tv.yandex.by/149?grid=all&period=now
2025-04-01 19:52:39 - link_collector - INFO - Обработка запроса: site:yandex.ru остаться в живых сериал
2025-04-01 19:52:39 - link_collector - INFO - Найдена ссылка: https://rasp.yandex.ru/suburban/naro-fominsk--aprelevka/today
2025-04-01 19:52:39 - link_collector - INFO - Обработка запроса: site:rasp.yandex.ru выборг санкт петербург ласточка расписание
2025-04-01 19:52:40 - link_collector - INFO - Найдена ссылка: https://rasp.yandex.ru/lastochka/vyborg-train-station--sankt-peterburg-finlyandskiy/
2025-04-01 19:52:40 - link_collector - INFO - Обработка запроса: site:rasp.yandex.ru расписание электричек дербент махачкала на сегодня
2025-04-01 19:52:44 - link_collector - INFO - Найдена ссылка: https://tr-page.yandex.ru/translate?lang=en-ru&url=https%3A%2F%2Fen.wikipedia.org%2Fwiki%2FVyacheslav_Nevinny
2025-04-01 19:52:44 - link_collector - INFO - Обработка запроса: site:yandex.ru артем карасев
2025-04-01 19:52:44 - link_collector - INFO - Найдена ссылка: https://travel.yandex.ru/journal/kaliningrad-oblast-destinations-by-the-sea/
2025-04-01 19:52:44 - link_collector - INFO - Обработка запроса: site:www.kinopoisk.ru соперники
2025-04-01 19:52:45 - link_collector - INFO - Найдена ссылка: https://www.kinopoisk.ru/film/95948/
2025-04-01 19:52:45 - link_collector - INFO - Обработка запроса: site:kinopoisk.ru павел табаков фильмы
2025-04-01 19:52:45 - link_collector - INFO - Найдена ссылка: https://lavka.market.yandex.ru/category/wurst_all/sosiski_i_sardelki
2025-04-01 19:52:45 - link_collector - INFO - Обработка запроса: site:music.yandex.ru круг кольщик
2025-04-01 19:52:45 - link_collector - INFO - Найдена ссылка: https://market.yandex.ru/search?text=%D0%B1%D0%B0%D1%80%D0%B1%D0%B5%D0%BA%D1%8E
2025-04-01 19:52:45 - link_collector - INFO - Обработка запроса: site:music.yandex.ru включи песню
2025-04-01 19:52:46 - link_collector - INFO - Найдена ссылка: https://translate.yandex.ru/dictionary/%D0%A0%D1%83%D1%81%D1%81%D0%BA%D0%B8%D0%B9-%D0%90%D0%BD%D0%B3%D0%BB%D0%B8%D0%B9%D1%81%D0%BA%D0%B8%D0%B9/%D0%92%D1%80%D0%B5%D0%BC%D1%8F
2025-04-01 19:52:46 - link_collector - INFO - Обработка запроса: site:music.yandex.ru песня happy new year текст
2025-04-01 19:52:46 - link_collector - INFO - Найдена ссылка: https://www.kinopoisk.ru/name/3669799/
2025-04-01 19:52:46 - link_collector - INFO - Обработка запроса: site:kinopoisk.ru поймай толстуху если сможешь фильм 2013
2025-04-01 19:52:46 - link_collector - INFO - Найдена ссылка: https://music.yandex.ru/album/10905/track/4070548/
2025-04-01 19:52:46 - link_collector - INFO - Обработка запроса: site:www.kinopoisk.ru кука
2025-04-01 19:52:46 - link_collector - INFO - Найдена ссылка: https://music.yandex.ru/?utm%D1%8E
2025-04-01 19:52:46 - link_collector - INFO - Обработка запроса: site:practicum.yandex.ru инфографика для маркетплейсов
2025-04-01 19:52:46 - link_collector - INFO - Найдена ссылка: https://music.yandex.ru/translate/track/38884
2025-04-01 19:52:46 - link_collector - INFO - Обработка запроса: site:books.yandex.ru ионыч краткое содержание
2025-04-01 19:52:46 - link_collector - INFO - Найдена ссылка: https://tv.yandex.ru/program/3733534
2025-04-01 19:52:46 - link_collector - INFO - Обработка запроса: site:yandex.ru креветки как варить замороженные
2025-04-01 19:52:46 - link_collector - INFO - Найдена ссылка: https://www.kinopoisk.ru/film/395049/
2025-04-01 19:52:46 - link_collector - INFO - Обработка запроса: site:kinopoisk.ru тайные истины
2025-04-01 19:52:46 - link_collector - INFO - Найдена ссылка: https://www.kinopoisk.ru/film/606698/
2025-04-01 19:52:46 - link_collector - INFO - Обработка запроса: site:kinopoisk.ru смотреть фильм отчий берег все серии бесплатно в хорошем качестве без рекламы подряд онлайн
2025-04-01 19:52:47 - link_collector - INFO - Найдена ссылка: https://practicum.yandex.ru/blog/infografika-dlya-marketpleysov/
2025-04-01 19:52:47 - link_collector - INFO - Обработка запроса: site:rasp.yandex.ru исилькуль омск расписание электричек
2025-04-01 19:52:47 - link_collector - INFO - Найдена ссылка: https://translate.yandex.ru/translator/%D0%A3%D0%BA%D1%80%D0%B0%D0%B8%D0%BD%D1%81%D0%BA%D0%B8%D0%B9-%D0%A0%D1%83%D1%81%D1%81%D0%BA%D0%B8%D0%B9
2025-04-01 19:52:47 - link_collector - INFO - Обработка запроса: site:translate.yandex.ru переводчик русский украинский
2025-04-01 19:52:47 - link_collector - INFO - Найдена ссылка: https://books.yandex.ru/books/TIxH5269
2025-04-01 19:52:47 - link_collector - INFO - Обработка запроса: site:translate.yandex.ru youth
2025-04-01 19:52:47 - link_collector - INFO - Найдена ссылка: https://yandex.ru/q/life/606327809/
2025-04-01 19:52:47 - link_collector - INFO - Обработка запроса: site:yandex.ru колесников иван актер
2025-04-01 19:52:47 - link_collector - INFO - Найдена ссылка: https://translate.yandex.ru/translator/%D0%A0%D1%83%D1%81%D1%81%D0%BA%D0%B8%D0%B9-%D0%A3%D0%BA%D1%80%D0%B0%D0%B8%D0%BD%D1%81%D0%BA%D0%B8%D0%B9
2025-04-01 19:52:47 - link_collector - INFO - Обработка запроса: site:www.kinopoisk.ru большой фильм
2025-04-01 19:52:48 - link_collector - INFO - Найдена ссылка: https://www.kinopoisk.ru/film/841472/
2025-04-01 19:52:48 - link_collector - INFO - Обработка запроса: site:www.kinopoisk.ru сериалы про подростков
2025-04-01 19:52:49 - link_collector - INFO - Найдена ссылка: https://www.kinopoisk.ru/film/8421/
2025-04-01 19:52:49 - link_collector - INFO - Обработка запроса: site:www.kinopoisk.ru эдвард руки ножницы фильм 1990
2025-04-01 19:52:50 - link_collector - INFO - Найдена ссылка: https://www.kinopoisk.ru/film/8421/
2025-04-01 19:52:50 - link_collector - INFO - Обработка запроса: site:yandex.com диск яндекс открыть
2025-04-01 19:52:50 - link_collector - INFO - Найдена ссылка: https://rasp.yandex.ru/suburban/derbent-station--makhachkala-station/today
2025-04-01 19:52:50 - link_collector - INFO - Обработка запроса: site:rasp.yandex.ru расписание электричек махачкала дербент на сегодня
2025-04-01 19:52:50 - link_collector - INFO - Найдена ссылка: https://360.yandex.com/disk/
2025-04-01 19:52:50 - link_collector - INFO - Обработка запроса: site:auto.ru порше панамера
2025-04-01 19:52:51 - link_collector - INFO - Найдена ссылка: https://rasp.yandex.ru/suburban/makhachkala-station--derbent-station/today
2025-04-01 19:52:51 - link_collector - INFO - Обработка запроса: site:rasp.yandex.ru расписание электричек москва чехов
2025-04-01 19:52:51 - link_collector - INFO - Найдена ссылка: https://rasp.yandex.ru/suburban/moscow--chekhov-train-station/today
2025-04-01 19:52:51 - link_collector - INFO - Обработка запроса: site:rasp.yandex.ru расписание электричек чехов москва
2025-04-01 19:52:55 - link_collector - INFO - Найдена ссылка: https://www.kinopoisk.ru/series/922024/
2025-04-01 19:52:55 - link_collector - INFO - Обработка запроса: site:kinopoisk.ru армия воров
2025-04-01 19:52:55 - link_collector - INFO - Найдена ссылка: https://hd.kinopoisk.ru/film/4b75077949de9e3bb1feb2c8496cc42f
2025-04-01 19:52:55 - link_collector - INFO - Обработка запроса: site:kinopoisk.ru инфекция фильм
2025-04-01 19:52:55 - link_collector - INFO - Найдена ссылка: https://translate.yandex.ru/dictionary/%D0%90%D0%BD%D0%B3%D0%BB%D0%B8%D0%B9%D1%81%D0%BA%D0%B8%D0%B9-%D0%A0%D1%83%D1%81%D1%81%D0%BA%D0%B8%D0%B9/Youth
2025-04-01 19:52:55 - link_collector - INFO - Обработка запроса: site:tv.yandex.ru хабаровск программа телепередач на сегодня
2025-04-01 19:52:55 - link_collector - INFO - Найдена ссылка: https://rasp.yandex.ru/suburban/isilkul-station--omsk-passazhirskiy/today
2025-04-01 19:52:55 - link_collector - INFO - Обработка запроса: site:www.kinopoisk.ru фильмы самые популярные
2025-04-01 19:52:56 - link_collector - INFO - Найдена ссылка: https://www.kinopoisk.ru/film/1403664/
2025-04-01 19:52:56 - link_collector - INFO - Обработка запроса: site:www.kinopoisk.ru тайные истины
2025-04-01 19:52:56 - link_collector - INFO - Найдена ссылка: https://www.kinopoisk.ru/film/678997/
2025-04-01 19:52:56 - link_collector - INFO - Обработка запроса: site:kinopoisk.ru с нуля сериал 2022
2025-04-01 19:52:56 - link_collector - INFO - Найдена ссылка: https://tv.yandex.ru/76?grid=all&period=all-day
2025-04-01 19:52:56 - link_collector - INFO - Обработка запроса: site:lavka.yandex.ru сухарики хрустим
2025-04-01 19:52:56 - link_collector - INFO - Найдена ссылка: https://www.kinopoisk.ru/lists/movies/top250/country--1/
2025-04-01 19:52:56 - link_collector - INFO - Обработка запроса: site:www.kinopoisk.ru клиника счастья сериал
2025-04-01 19:52:56 - link_collector - INFO - Найдена ссылка: https://www.kinopoisk.ru/series/922024/
2025-04-01 19:52:56 - link_collector - INFO - Обработка запроса: site:www.kinopoisk.ru армия воров
2025-04-01 19:52:56 - link_collector - INFO - Найдена ссылка: https://www.kinopoisk.ru/series/4497519/
2025-04-01 19:52:56 - link_collector - INFO - Обработка запроса: site:plus.yandex.ru что входит в яндекс плюс
2025-04-01 19:52:57 - link_collector - INFO - Найдена ссылка: https://www.kinopoisk.ru/series/1412155/
2025-04-01 19:52:57 - link_collector - INFO - Обработка запроса: site:www.kinopoisk.ru жена путешественника во времени
2025-04-01 19:52:57 - link_collector - INFO - Найдена ссылка: https://tr-page.yandex.ru/translate?lang=en-ru&url=https%3A%2F%2Fen.wikipedia.org%2Fwiki%2FJohn_Cena
2025-04-01 19:52:57 - link_collector - INFO - Обработка запроса: site:yandex.ru музыченко юрий
2025-04-01 19:52:58 - link_collector - INFO - Найдена ссылка: https://tr-page.yandex.ru/translate?lang=en-ru&url=https%3A%2F%2Fen.wikipedia.org%2Fwiki%2FYevgenia_Dobrovolskaya
2025-04-01 19:52:58 - link_collector - INFO - Обработка запроса: site:360.yandex.ru почта
2025-04-01 19:52:58 - link_collector - INFO - Найдена ссылка: https://360.yandex.ru/mail/
2025-04-01 19:52:58 - link_collector - INFO - Обработка запроса: site:yandex.ru почта
2025-04-01 19:52:59 - link_collector - INFO - Найдена ссылка: https://360.yandex.ru/mail/
2025-04-01 19:52:59 - link_collector - INFO - Обработка запроса: site:yandex.ru онлайн игры
2025-04-01 19:53:00 - link_collector - INFO - Найдена ссылка: https://yandex.ru/games/
2025-04-01 19:53:00 - link_collector - INFO - Обработка запроса: site:yandex.ru игры онлайн
2025-04-01 19:53:00 - link_collector - INFO - Найдена ссылка: https://rasp.yandex.ru/suburban/chekhov-train-station--moscow
2025-04-01 19:53:00 - link_collector - INFO - Обработка запроса: site:rasp.yandex.ru расписание электричек нара апрелевка
2025-04-01 19:53:00 - link_collector - INFO - Найдена ссылка: https://rasp.yandex.ru/suburban/naro-fominsk--aprelevka/today
2025-04-01 19:53:00 - link_collector - INFO - Обработка запроса: site:rasp.yandex.ru расписание электричек апрелевка нара
2025-04-01 19:53:01 - link_collector - INFO - Найдена ссылка: https://rasp.yandex.ru/suburban/aprelevka-train-station--nara/today
2025-04-01 19:53:01 - link_collector - INFO - Обработка запроса: site:tv.yandex.ru телепрограмма на сегодня челябинск все каналы на весь день
2025-04-01 19:53:02 - link_collector - INFO - Найдена ссылка: https://tv.yandex.ru/56?grid=main
2025-04-01 19:53:02 - link_collector - INFO - Обработка запроса: site:tv.yandex.ru программа передач ярославль
2025-04-01 19:53:04 - link_collector - INFO - Найдена ссылка: https://www.kinopoisk.ru/film/1403664/
2025-04-01 19:53:04 - link_collector - INFO - Обработка запроса: site:kinopoisk.ru самолеты мультфильм 2013
2025-04-01 19:53:04 - link_collector - INFO - Найдена ссылка: https://www.kinopoisk.ru/film/102128/
2025-04-01 19:53:04 - link_collector - INFO - Обработка запроса: site:kinopoisk.ru стрингер фильм 2014
2025-04-01 19:53:04 - link_collector - INFO - Найдена ссылка: https://www.kinopoisk.ru/film/592300/
2025-04-01 19:53:04 - link_collector - INFO - Обработка запроса: site:kinopoisk.ru фильм смертельное искушение
2025-04-01 19:53:04 - link_collector - INFO - Найдена ссылка: https://www.kinopoisk.ru/lists/movies/tvseries_teenagers/?b=series
2025-04-01 19:53:04 - link_collector - INFO - Обработка запроса: site:music.yandex.ru маленький дайте танк
2025-04-01 19:53:04 - link_collector - INFO - Найдена ссылка: https://www.kinopoisk.ru/film/760815/
2025-04-01 19:53:04 - link_collector - INFO - Обработка запроса: site:market.yandex.ru люцерна
2025-04-01 19:53:05 - link_collector - INFO - Найдена ссылка: https://tr-page.yandex.ru/translate?lang=en-ru&url=https%3A%2F%2Fwww.imdb.com%2Fname%2Fnm2665096%2F
2025-04-01 19:53:05 - link_collector - INFO - Обработка запроса: site:kinopoisk.ru тэрон эджертон фильмы
2025-04-01 19:53:05 - link_collector - INFO - Найдена ссылка: https://www.kinopoisk.ru/film/848950/
2025-04-01 19:53:05 - link_collector - INFO - Обработка запроса: site:music.yandex.ru текст mockingbird
2025-04-01 19:53:05 - link_collector - INFO - Найдена ссылка: https://next.music.yandex.ru/album/6567315/track/48208913
2025-04-01 19:53:05 - link_collector - INFO - Обработка запроса: site:auto.ru прадо тойота
2025-04-01 19:53:06 - link_collector - INFO - Найдена ссылка: https://auto.ru/moskva/cars/nissan/micra/used/
2025-04-01 19:53:06 - link_collector - INFO - Обработка запроса: site:kinopoisk.ru бедная саша актеры
2025-04-01 19:53:06 - link_collector - INFO - Найдена ссылка: https://www.kinopoisk.ru/film/41481/cast/
2025-04-01 19:53:06 - link_collector - INFO - Обработка запроса: site:translate.yandex.ru off
2025-04-01 19:53:07 - link_collector - INFO - Найдена ссылка: https://lavka.yandex.ru/good/suhariki-hrusteam-baget-syrnoe-assorti-60-gram
2025-04-01 19:53:07 - link_collector - INFO - Обработка запроса: site:rasp.yandex.ru сочи хоста электричка
2025-04-01 19:53:08 - link_collector - INFO - Найдена ссылка: https://tr-page.yandex.ru/translate?lang=en-ru&url=https%3A%2F%2Fen.wikipedia.org%2Fwiki%2FIvan_Kolesnikov
2025-04-01 19:53:08 - link_collector - INFO - Обработка запроса: site:yandex.ru зиновий ройзман
2025-04-01 19:53:10 - link_collector - INFO - Найдена ссылка: https://tv.yandex.ru/16?period=all-day&grid=all
2025-04-01 19:53:10 - link_collector - INFO - Обработка запроса: site:webmaster.yandex.ru яндекс мои организации
2025-04-01 19:53:10 - link_collector - INFO - Найдена ссылка: https://webmaster.yandex.ru/blog/kak-dobavit-organizatsiyu-v-yandeks-spravochnik-master-klass
2025-04-01 19:53:10 - link_collector - INFO - Обработка запроса: site:webmaster.yandex.ru яндекс организации мои
2025-04-01 19:53:11 - link_collector - INFO - Найдена ссылка: https://plus.yandex.ru/?from=fb
2025-04-01 19:53:11 - link_collector - INFO - Обработка запроса: site:www.kinopoisk.ru павел табаков фильмы
2025-04-01 19:53:11 - link_collector - INFO - Найдена ссылка: https://webmaster.yandex.ru/blog/kak-dobavit-organizatsiyu-v-yandeks-spravochnik-master-klass
2025-04-01 19:53:11 - link_collector - INFO - Обработка запроса: site:dialogs.yandex.ru яндекс игры для детей
2025-04-01 19:53:11 - link_collector - INFO - Найдена ссылка: https://yandex.ru/games/
2025-04-01 19:53:11 - link_collector - INFO - Обработка запроса: site:n.maps.yandex.ru карты яндекс
2025-04-01 19:53:11 - link_collector - INFO - Найдена ссылка: https://www.kinopoisk.ru/name/3669799/
2025-04-01 19:53:11 - link_collector - INFO - Обработка запроса: site:www.kinopoisk.ru поймай толстуху если сможешь фильм 2013
2025-04-01 19:53:12 - link_collector - INFO - Найдена ссылка: https://n.maps.yandex.ru/
2025-04-01 19:53:12 - link_collector - INFO - Обработка запроса: site:yandex.ru карты яндекс
2025-04-01 19:53:12 - link_collector - INFO - Найдена ссылка: https://www.kinopoisk.ru/name/3061538/
2025-04-01 19:53:12 - link_collector - INFO - Обработка запроса: site:www.kinopoisk.ru тэрон эджертон фильмы
2025-04-01 19:53:12 - link_collector - INFO - Найдена ссылка: https://music.yandex.ru/translate/track/18859
2025-04-01 19:53:12 - link_collector - INFO - Обработка запроса: site:www.kinopoisk.ru самолеты мультфильм 2013
2025-04-01 19:53:12 - link_collector - INFO - Найдена ссылка: https://www.kinopoisk.ru/film/606698/
2025-04-01 19:53:12 - link_collector - INFO - Обработка запроса: site:www.kinopoisk.ru смотреть фильм отчий берег все серии бесплатно в хорошем качестве без рекламы подряд онлайн
2025-04-01 19:53:12 - link_collector - INFO - Найдена ссылка: https://yandex.ru/maps/
2025-04-01 19:53:12 - link_collector - INFO - Обработка запроса: site:kinopoisk.ru кинопоиск
2025-04-01 19:53:12 - link_collector - INFO - Найдена ссылка: https://www.kinopoisk.ru/name/3061538/
2025-04-01 19:53:12 - link_collector - INFO - Обработка запроса: site:yandex.ru сколько олегу газманову лет
2025-04-01 19:53:12 - link_collector - INFO - Найдена ссылка: https://www.kinopoisk.ru/film/592300/
2025-04-01 19:53:12 - link_collector - INFO - Обработка запроса: site:www.kinopoisk.ru фильм смертельное искушение
2025-04-01 19:53:13 - link_collector - INFO - Найдена ссылка: https://www.kinopoisk.ru/
2025-04-01 19:53:13 - link_collector - INFO - Обработка запроса: site:www.kinopoisk.ru кинопоиск
2025-04-01 19:53:13 - link_collector - INFO - Найдена ссылка: https://www.kinopoisk.ru/film/848950/
2025-04-01 19:53:13 - link_collector - INFO - Обработка запроса: site:market.yandex.ru молоко безлактозное
2025-04-01 19:53:14 - link_collector - INFO - Найдена ссылка: https://rasp.yandex.ru/suburban/sochi-station--hosta-station/today
2025-04-01 19:53:14 - link_collector - INFO - Обработка запроса: site:dostavka.yandex.ru яндекс маркет пункт выдачи
2025-04-01 19:53:14 - link_collector - INFO - Найдена ссылка: https://translate.yandex.ru/dictionary/%D0%90%D0%BD%D0%B3%D0%BB%D0%B8%D0%B9%D1%81%D0%BA%D0%B8%D0%B9-%D0%A0%D1%83%D1%81%D1%81%D0%BA%D0%B8%D0%B9/off
2025-04-01 19:53:14 - link_collector - INFO - Обработка запроса: site:www.kinopoisk.ru бедная саша актеры
2025-04-01 19:53:15 - link_collector - INFO - Найдена ссылка: https://dostavka.yandex.ru/pickup-point/
2025-04-01 19:53:15 - link_collector - INFO - Обработка запроса: site:education.yandex.ru культурный марафон
2025-04-01 19:53:15 - link_collector - INFO - Найдена ссылка: https://www.kinopoisk.ru/film/41481/cast/
2025-04-01 19:53:15 - link_collector - INFO - Обработка запроса: site:auto.ru кадди фольксваген
2025-04-01 19:53:15 - link_collector - INFO - Найдена ссылка: https://education.yandex.ru/culture/!
2025-04-01 19:53:15 - link_collector - INFO - Обработка запроса: site:market.yandex.ru левша николай лесков книга
2025-04-01 19:53:15 - link_collector - INFO - Найдена ссылка: https://market.yandex.ru/search?text=%D0%9B%D1%8E%D1%86%D0%B5%D1%80%D0%BD%D0%B0
2025-04-01 19:53:15 - link_collector - INFO - Обработка запроса: site:www.kinopoisk.ru стрингер фильм 2014
2025-04-01 19:53:18 - link_collector - INFO - Найдена ссылка: https://tr-page.yandex.ru/translate?lang=en-ru&url=https%3A%2F%2Fen.wikipedia.org%2Fwiki%2FYuri_Muzychenko
2025-04-01 19:53:18 - link_collector - INFO - Обработка запроса: site:yandex.ru погода ухта
2025-04-01 19:53:19 - link_collector - INFO - Найдена ссылка: https://yandex.ru/pogoda/uhta
2025-04-01 19:53:19 - link_collector - INFO - Обработка запроса: site:yandex.ru ксения алферова
2025-04-01 19:53:20 - link_collector - INFO - Найдена ссылка: https://www.kinopoisk.ru/
2025-04-01 19:53:20 - link_collector - INFO - Обработка запроса: site:n.maps.yandex.ru яндекс карты
2025-04-01 19:53:21 - link_collector - INFO - Найдена ссылка: https://n.maps.yandex.ru/
2025-04-01 19:53:21 - link_collector - INFO - Обработка запроса: site:yandex.ru яндекс карты
2025-04-01 19:53:21 - link_collector - INFO - Найдена ссылка: https://yandex.ru/maps/
2025-04-01 19:53:21 - link_collector - INFO - Обработка запроса: site:tv.yandex.ru телепрограмма
2025-04-01 19:53:27 - link_collector - INFO - Найдена ссылка: https://www.kinopoisk.ru/film/760815/
2025-04-01 19:53:27 - link_collector - INFO - Обработка запроса: site:kinopoisk.ru скрижали судьбы фильм 2016
2025-04-01 19:53:28 - link_collector - INFO - Найдена ссылка: https://www.kinopoisk.ru/film/810310/
2025-04-01 19:53:28 - link_collector - INFO - Обработка запроса: site:www.kinopoisk.ru скрижали судьбы фильм 2016
2025-04-01 19:53:28 - link_collector - INFO - Найдена ссылка: https://www.kinopoisk.ru/film/810310/
2025-04-01 19:53:28 - link_collector - INFO - Обработка запроса: site:kinopoisk.ru трасса 60 фильм смотреть онлайн в хорошем качестве бесплатно без рекламы
2025-04-01 19:53:29 - link_collector - INFO - Найдена ссылка: https://dialogs.yandex.ru/store/categories/kids
2025-04-01 19:53:29 - link_collector - INFO - Обработка запроса: site:lavka.yandex.ru терияки соус состав
2025-04-01 19:53:33 - link_collector - INFO - Найдена ссылка: https://market.yandex.ru/search?text=%D0%BC%D0%BE%D0%BB%D0%BE%D0%BA%D0%BE%20%D0%B1%D0%B5%D0%B7%D0%BB%D0%B0%D0%BA%D1%82%D0%BE%D0%B7%D0%BD%D0%BE%D0%B5%20
2025-04-01 19:53:33 - link_collector - INFO - Обработка запроса: site:kinopoisk.ru голодные игры 2
2025-04-01 19:53:33 - link_collector - INFO - Найдена ссылка: https://tr-page.yandex.ru/translate?lang=en-ru&url=https%3A%2F%2Fen.wikipedia.org%2Fwiki%2FOleg_Gazmanov
2025-04-01 19:53:33 - link_collector - INFO - Обработка запроса: site:yandex.ru сколько лет газманову олегу
2025-04-01 19:53:34 - link_collector - INFO - Найдена ссылка: https://hd.kinopoisk.ru/film/428e7afa9c4aad45b5ad5ac359bd78a8
2025-04-01 19:53:34 - link_collector - INFO - Обработка запроса: site:translate.yandex.ru open the door
2025-04-01 19:53:34 - link_collector - INFO - Найдена ссылка: https://translate.yandex.ru/dictionary/%D0%90%D0%BD%D0%B3%D0%BB%D0%B8%D0%B9%D1%81%D0%BA%D0%B8%D0%B9-%D0%A0%D1%83%D1%81%D1%81%D0%BA%D0%B8%D0%B9/open%20the%20door
2025-04-01 19:53:34 - link_collector - INFO - Обработка запроса: site:www.kinopoisk.ru голодные игры 2
2025-04-01 19:53:36 - link_collector - INFO - Найдена ссылка: https://tr-page.yandex.ru/translate?lang=en-ru&url=https%3A%2F%2Fen.wikipedia.org%2Fwiki%2FZinovy_Roizman
2025-04-01 19:53:36 - link_collector - INFO - Обработка запроса: site:yandex.ru крутой секс
2025-04-01 19:53:37 - link_collector - INFO - Найдена ссылка: https://yandex.ru/video/preview/3961589739867293607
2025-04-01 19:53:37 - link_collector - INFO - Обработка запроса: site:yandex.ru морковь по корейски рецепт
2025-04-01 19:53:37 - link_collector - INFO - Найдена ссылка: https://yandex.ru/video/preview/17021495614605885229
2025-04-01 19:53:37 - link_collector - INFO - Обработка запроса: site:yandex.ru матча
2025-04-01 19:53:40 - link_collector - INFO - Найдена ссылка: https://www.kinopoisk.ru/film/3563/
2025-04-01 19:53:40 - link_collector - INFO - Обработка запроса: site:www.kinopoisk.ru трасса 60 фильм смотреть онлайн в хорошем качестве бесплатно без рекламы
2025-04-01 19:53:40 - link_collector - INFO - Найдена ссылка: https://lavka.yandex.ru/good/sous-teriyaki-sen-soy-dlya-prigotovleniya-120-gram
2025-04-01 19:53:40 - link_collector - INFO - Обработка запроса: site:lavka.yandex.ru соус терияки состав
2025-04-01 19:53:44 - link_collector - INFO - Найдена ссылка: https://auto.ru/catalog/cars/porsche/panamera/
2025-04-01 19:53:44 - link_collector - INFO - Обработка запроса: site:kinopoisk.ru блиндаж
2025-04-01 19:53:46 - link_collector - INFO - Найдена ссылка: https://auto.ru/moskva/cars/toyota/land_cruiser_prado/all/do-5500000/
2025-04-01 19:53:46 - link_collector - INFO - Обработка запроса: site:translate.yandex.ru black
2025-04-01 19:53:47 - link_collector - INFO - Найдена ссылка: https://www.kinopoisk.ru/film/5089021/
2025-04-01 19:53:47 - link_collector - INFO - Обработка запроса: site:www.kinopoisk.ru блиндаж
2025-04-01 19:53:47 - link_collector - INFO - Найдена ссылка: https://translate.yandex.ru/dictionary/%D0%90%D0%BD%D0%B3%D0%BB%D0%B8%D0%B9%D1%81%D0%BA%D0%B8%D0%B9-%D0%A0%D1%83%D1%81%D1%81%D0%BA%D0%B8%D0%B9/black
2025-04-01 19:53:47 - link_collector - INFO - Обработка запроса: site:uslugi.yandex.ru ремонт окон
2025-04-01 19:53:47 - link_collector - INFO - Найдена ссылка: https://market.yandex.ru/search?text=%D0%BB%D0%B5%D1%81%D0%BA%D0%BE%D0%B2%20%D0%BB%D0%B5%D0%B2%D1%88%D0%B0%20%D0%BA%D1%83%D0%BF%D0%B8%D1%82%D1%8C
2025-04-01 19:53:47 - link_collector - INFO - Обработка запроса: site:market.yandex.ru геркулес каша
2025-04-01 19:53:47 - link_collector - INFO - Найдена ссылка: https://www.kinopoisk.ru/film/5089021/
2025-04-01 19:53:47 - link_collector - INFO - Обработка запроса: site:kinopoisk.ru с любовью рози фильм 2014
2025-04-01 19:53:48 - link_collector - INFO - Найдена ссылка: https://www.kinopoisk.ru/film/512784/
2025-04-01 19:53:48 - link_collector - INFO - Обработка запроса: site:www.kinopoisk.ru с любовью рози фильм 2014
2025-04-01 19:53:51 - link_collector - INFO - Найдена ссылка: https://lavka.yandex.ru/good/sous-teriyaki-sen-soy-dlya-prigotovleniya-120-gram
2025-04-01 19:53:51 - link_collector - INFO - Обработка запроса: site:market.yandex.ru цена айфон 11 про
2025-04-01 19:53:51 - link_collector - INFO - Найдена ссылка: https://tr-page.yandex.ru/translate?lang=en-ru&url=https%3A%2F%2Fen.wikipedia.org%2Fwiki%2FKsenia_Alfyorova
2025-04-01 19:53:51 - link_collector - INFO - Обработка запроса: site:yandex.ru белявский александр
2025-04-01 19:53:52 - link_collector - INFO - Найдена ссылка: https://www.kinopoisk.ru/series/961719/
2025-04-01 19:53:52 - link_collector - INFO - Обработка запроса: site:www.kinopoisk.ru инфекция фильм
2025-04-01 19:53:53 - link_collector - INFO - Найдена ссылка: https://www.kinopoisk.ru/film/678997/
2025-04-01 19:53:53 - link_collector - INFO - Обработка запроса: site:www.kinopoisk.ru с нуля сериал 2022
2025-04-01 19:53:53 - link_collector - INFO - Найдена ссылка: https://www.kinopoisk.ru/series/4497519/
2025-04-01 19:53:53 - link_collector - INFO - Обработка запроса: site:books.yandex.ru онлайн библиотека
2025-04-01 19:53:56 - link_collector - INFO - Найдена ссылка: https://auto.ru/catalog/cars/volkswagen/caddy/
2025-04-01 19:53:56 - link_collector - INFO - Обработка запроса: site:go.yandex яндекс такси москва
2025-04-01 19:53:58 - link_collector - INFO - Найдена ссылка: https://market.yandex.ru/search?text=%D0%B3%D0%B5%D1%80%D0%BA%D1%83%D0%BB%D0%B5%D1%81%20%D0%BA%D0%B0%D1%88%D0%B0
2025-04-01 19:53:58 - link_collector - INFO - Обработка запроса: site:rasp.yandex.ru курск москва поезд
2025-04-01 19:53:58 - link_collector - INFO - Найдена ссылка: https://rasp.yandex.ru/train/kursk--moscow
2025-04-01 19:53:58 - link_collector - INFO - Обработка запроса: site:rasp.yandex.ru поезд москва курск
2025-04-01 19:53:59 - link_collector - INFO - Найдена ссылка: https://tv.yandex.ru/?utm_
2025-04-01 19:53:59 - link_collector - INFO - Обработка запроса: site:yandex.ru телепрограмма
2025-04-01 19:53:59 - link_collector - INFO - Найдена ссылка: https://rasp.yandex.ru/search/train/?fromId=c213&toId=c8
2025-04-01 19:53:59 - link_collector - INFO - Обработка запроса: site:rasp.yandex.ru расписание электричек купчино антропшино
2025-04-01 19:53:59 - link_collector - INFO - Найдена ссылка: https://tv.yandex.ru/?utm_
2025-04-01 19:53:59 - link_collector - INFO - Обработка запроса: site:translate.yandex.ru перевод
2025-04-01 19:54:00 - link_collector - INFO - Найдена ссылка: https://translate.yandex.ru/translator/%D0%90%D0%BD%D0%B3%D0%BB%D0%B8%D0%B9%D1%81%D0%BA%D0%B8%D0%B9-%D0%A0%D1%83%D1%81%D1%81%D0%BA%D0%B8%D0%B9
2025-04-01 19:54:00 - link_collector - INFO - Обработка запроса: site:yandex.ru перевод
2025-04-01 19:54:00 - link_collector - INFO - Найдена ссылка: https://translate.yandex.ru/translator/%D0%90%D0%BD%D0%B3%D0%BB%D0%B8%D0%B9%D1%81%D0%BA%D0%B8%D0%B9-%D0%A0%D1%83%D1%81%D1%81%D0%BA%D0%B8%D0%B9
2025-04-01 19:54:00 - link_collector - INFO - Обработка запроса: site:n.maps.yandex.ru карта
2025-04-01 19:54:05 - link_collector - INFO - Найдена ссылка: https://go.yandex/
2025-04-01 19:54:05 - link_collector - INFO - Обработка запроса: site:hd.kinopoisk.ru киберслав смотреть бесплатно
2025-04-01 19:54:05 - link_collector - INFO - Найдена ссылка: https://www.kinopoisk.ru/film/602373/
2025-04-01 19:54:05 - link_collector - INFO - Обработка запроса: site:kinopoisk.ru три богатыря 2024
2025-04-01 19:54:11 - link_collector - INFO - Найдена ссылка: https://www.kinopoisk.ru/film/3563/
2025-04-01 19:54:11 - link_collector - INFO - Обработка запроса: site:kinopoisk.ru топ ужасы
2025-04-01 19:54:12 - link_collector - INFO - Найдена ссылка: https://www.kinopoisk.ru/lists/movies/genre--horror/?b=films&b=top
2025-04-01 19:54:12 - link_collector - INFO - Обработка запроса: site:kinopoisk.ru очень страшное кино 5 фильм 2013
2025-04-01 19:54:12 - link_collector - INFO - Найдена ссылка: https://tr-page.yandex.ru/translate?lang=en-ru&url=https%3A%2F%2Fen.wikipedia.org%2Fwiki%2FAleksandr_Belyavsky_%28actor%29
2025-04-01 19:54:12 - link_collector - INFO - Обработка запроса: site:yandex.ru александр белявский
2025-04-01 19:54:32 - link_collector - INFO - Найдена ссылка: https://tr-page.yandex.ru/translate?lang=en-ru&url=https%3A%2F%2Fen.wikipedia.org%2Fwiki%2FMatcha
2025-04-01 19:54:32 - link_collector - INFO - Обработка запроса: site:music.yandex.ru пошлая молли нон стоп
2025-04-01 19:54:33 - link_collector - INFO - Найдена ссылка: https://tr-page.yandex.ru/translate?lang=en-ru&url=https%3A%2F%2Fen.wikipedia.org%2Fwiki%2FAleksandr_Belyavsky_%28actor%29
2025-04-01 19:54:33 - link_collector - INFO - Обработка запроса: site:yandex.ru погода камышин
2025-04-01 19:54:33 - link_collector - INFO - Найдена ссылка: https://music.yandex.ru/album/5442072/track/34113015
2025-04-01 19:54:33 - link_collector - INFO - Обработка запроса: site:yandex.ru пошлая молли нон стоп
2025-04-01 19:54:33 - link_collector - INFO - Найдена ссылка: https://yandex.ru/pogoda/kamishin
2025-04-01 19:54:33 - link_collector - INFO - Обработка запроса: site:yandex.ru игра в кальмара 5 серия 1 сезон
2025-04-01 19:54:40 - link_collector - INFO - Найдена ссылка: https://hd.kinopoisk.ru/film/86c02148e7f24f3cb6c728a54f4aaf75
2025-04-01 19:54:40 - link_collector - INFO - Обработка запроса: site:hd.kinopoisk.ru ювентус милан прямая трансляция
2025-04-01 19:54:40 - link_collector - INFO - Найдена ссылка: https://rasp.yandex.ru/suburban/kupchino--antropshino/today
2025-04-01 19:54:40 - link_collector - INFO - Обработка запроса: site:rasp.yandex.ru москва курск поезд
2025-04-01 19:54:41 - link_collector - INFO - Найдена ссылка: https://hd.kinopoisk.ru/sport/event/m707752/
2025-04-01 19:54:41 - link_collector - INFO - Обработка запроса: site:kinopoisk.ru полярный 2019 фильм
2025-04-01 19:54:41 - link_collector - INFO - Найдена ссылка: https://rasp.yandex.ru/search/train/?fromId=c213&toId=c8
2025-04-01 19:54:41 - link_collector - INFO - Обработка запроса: site:rasp.yandex.ru поезд курск москва
2025-04-01 19:54:41 - link_collector - INFO - Найдена ссылка: https://www.kinopoisk.ru/film/1075556/
2025-04-01 19:54:41 - link_collector - INFO - Обработка запроса: site:kinopoisk.ru глаза змеи
2025-04-01 19:54:41 - link_collector - INFO - Найдена ссылка: https://rasp.yandex.ru/train/kursk--moscow
2025-04-01 19:54:41 - link_collector - INFO - Обработка запроса: site:rasp.yandex.ru расписание электричек антропшино купчино
2025-04-01 19:54:42 - link_collector - INFO - Найдена ссылка: https://n.maps.yandex.ru/
2025-04-01 19:54:42 - link_collector - INFO - Обработка запроса: site:yandex.ru карта
2025-04-01 19:54:43 - link_collector - INFO - Найдена ссылка: https://yandex.ru/maps/213/moscow/
2025-04-01 19:54:43 - link_collector - INFO - Обработка запроса: site:translate.yandex.ru переводчик по фото
2025-04-01 19:54:43 - link_collector - INFO - Найдена ссылка: https://www.kinopoisk.ru/film/512784/
2025-04-01 19:54:43 - link_collector - INFO - Обработка запроса: site:kinopoisk.ru 9 песен фильм 2004
2025-04-01 19:54:44 - link_collector - INFO - Найдена ссылка: https://translate.yandex.ru/ocr
2025-04-01 19:54:44 - link_collector - INFO - Обработка запроса: site:yandex.ru переводчик по фото
2025-04-01 19:54:44 - link_collector - INFO - Найдена ссылка: https://www.kinopoisk.ru/film/86198/
2025-04-01 19:54:44 - link_collector - INFO - Обработка запроса: site:www.kinopoisk.ru 9 песен фильм 2004
2025-04-01 19:54:44 - link_collector - INFO - Найдена ссылка: https://translate.yandex.ru/ocr
2025-04-01 19:54:44 - link_collector - INFO - Обработка запроса: site:tv.yandex.ru программа передач на сегодня все каналы
2025-04-01 19:54:45 - link_collector - INFO - Найдена ссылка: https://www.kinopoisk.ru/film/86198/
2025-04-01 19:54:45 - link_collector - INFO - Обработка запроса: site:tv.yandex.ru программа передач омск
2025-04-01 19:54:45 - link_collector - INFO - Найдена ссылка: https://tv.yandex.ru/66
2025-04-01 19:54:45 - link_collector - INFO - Обработка запроса: site:afisha.yandex.ru калининград афиша
2025-04-01 19:54:46 - link_collector - INFO - Найдена ссылка: https://hd.kinopoisk.ru/film/4471f3788f829e34a4670d6bb866f47e
2025-04-01 19:54:46 - link_collector - INFO - Обработка запроса: site:kinopoisk.ru фильм на игле
2025-04-01 19:54:47 - link_collector - INFO - Найдена ссылка: https://www.kinopoisk.ru/film/515/
2025-04-01 19:54:47 - link_collector - INFO - Обработка запроса: site:translate.yandex.ru переводчик с картинки
2025-04-01 19:54:48 - link_collector - INFO - Найдена ссылка: https://translate.yandex.ru/ocr
2025-04-01 19:54:48 - link_collector - INFO - Обработка запроса: site:www.kinopoisk.ru топ ужасы
2025-04-01 19:54:48 - link_collector - INFO - Найдена ссылка: https://www.kinopoisk.ru/film/4268/
2025-04-01 19:54:48 - link_collector - INFO - Обработка запроса: site:kinopoisk.ru полярный фильм 2019
2025-04-01 19:54:49 - link_collector - INFO - Найдена ссылка: https://www.kinopoisk.ru/film/1075556/
2025-04-01 19:54:49 - link_collector - INFO - Обработка запроса: site:kinopoisk.ru ювентус милан прямая трансляция
2025-04-01 19:54:49 - link_collector - INFO - Найдена ссылка: https://hd.kinopoisk.ru/sport/event/m707752/
2025-04-01 19:54:49 - link_collector - INFO - Обработка запроса: site:kinopoisk.ru киберслав смотреть бесплатно
2025-04-01 19:54:50 - link_collector - INFO - Найдена ссылка: https://hd.kinopoisk.ru/film/58ed444744414697ae88c0e585ed06a8
2025-04-01 19:54:50 - link_collector - INFO - Обработка запроса: site:kinopoisk.ru рами малек фильмы
2025-04-01 19:54:50 - link_collector - INFO - Найдена ссылка: https://hd.kinopoisk.ru/film/86c02148e7f24f3cb6c728a54f4aaf75
2025-04-01 19:54:50 - link_collector - INFO - Обработка запроса: site:music.yandex.ru подумал о тебе и пошел снег
2025-04-01 19:54:50 - link_collector - INFO - Найдена ссылка: https://www.kinopoisk.ru/name/1089891/
2025-04-01 19:54:50 - link_collector - INFO - Обработка запроса: site:market.yandex.ru тв приставка
2025-04-01 19:54:50 - link_collector - INFO - Найдена ссылка: https://market.yandex.ru/catalog--mobilnye-telefony/34512430/list?text=iPhone%2011%20Pro
2025-04-01 19:54:50 - link_collector - INFO - Обработка запроса: site:market.yandex.ru конвекторный обогреватель
2025-04-01 19:54:51 - link_collector - INFO - Найдена ссылка: https://tv.yandex.ru/213
2025-04-01 19:54:51 - link_collector - INFO - Обработка запроса: site:yandex.ru программа передач на сегодня все каналы
2025-04-01 19:54:51 - link_collector - INFO - Найдена ссылка: https://rasp.yandex.ru/suburban/antropshino--kupchino/today
2025-04-01 19:54:51 - link_collector - INFO - Обработка запроса: site:market.yandex.ru парктроник
2025-04-01 19:54:52 - link_collector - INFO - Найдена ссылка: https://tv.yandex.ru/213
2025-04-01 19:54:52 - link_collector - INFO - Обработка запроса: site:music.yandex.ru музыка
2025-04-01 19:54:52 - link_collector - INFO - Найдена ссылка: https://yandex.ru/video/preview/611207546233936418
2025-04-01 19:54:52 - link_collector - INFO - Обработка запроса: site:yandex.ru дмитрий комаров
2025-04-01 19:54:53 - link_collector - INFO - Найдена ссылка: https://next.music.yandex.ru/
2025-04-01 19:54:53 - link_collector - INFO - Обработка запроса: site:yandex.ru музыка
2025-04-01 19:54:54 - link_collector - INFO - Найдена ссылка: https://tr-page.yandex.ru/translate?lang=en-ru&url=https%3A%2F%2Fgenius.com%2FGenius-romanizations-poshlaya-molly-non-stop-romanized-lyrics
2025-04-01 19:54:54 - link_collector - INFO - Обработка запроса: site:afisha.yandex.ru сургут афиша
2025-04-01 19:54:55 - link_collector - INFO - Найдена ссылка: https://www.kinopoisk.ru/lists/movies/genre--horror/?b=films&b=top
2025-04-01 19:54:55 - link_collector - INFO - Обработка запроса: site:www.kinopoisk.ru очень страшное кино 5 фильм 2013
2025-04-01 19:55:00 - link_collector - INFO - Найдена ссылка: https://music.yandex.ru/album/12016288/track/70876453
2025-04-01 19:55:00 - link_collector - INFO - Обработка запроса: site:music.yandex.ru песня маленькая страна
2025-04-01 19:55:00 - link_collector - INFO - Найдена ссылка: https://tr-page.yandex.ru/translate?lang=en-ru&url=https%3A%2F%2Fen.wikipedia.org%2Fwiki%2FOleg_Gazmanov
2025-04-01 19:55:00 - link_collector - INFO - Обработка запроса: site:yandex.ru сколько лет олегу газманову
2025-04-01 19:55:00 - link_collector - INFO - Найдена ссылка: https://music.yandex.ru/album/25506419/track/61869292
2025-04-01 19:55:00 - link_collector - INFO - Обработка запроса: site:music.yandex.ru маленькая страна песня
2025-04-01 19:55:01 - link_collector - INFO - Найдена ссылка: https://music.yandex.ru/album/35131875/track/109325370
2025-04-01 19:55:01 - link_collector - INFO - Обработка запроса: site:taxi.yandex.ru яндекс такси москва
2025-04-01 19:55:01 - link_collector - INFO - Найдена ссылка: https://market.yandex.ru/category/tv-pristavki-dlya-smart-tv
2025-04-01 19:55:01 - link_collector - INFO - Обработка запроса: site:tv.yandex.ru тв программа на сегодня новосибирск все каналы
2025-04-01 19:55:01 - link_collector - INFO - Найдена ссылка: https://market.yandex.ru/catalog--obogrevateli/54977/list?text=%D0%BA%D0%BE%D0%BD%D0%B2%D0%B5%D0%BA%D1%82%D0%BE%D1%80%20%D1%8D%D0%BB%D0%B5%D0%BA%D1%82%D1%80%D0%B8%D1%87%D0%B5%D1%81%D0%BA%D0%B8%D0%B9
2025-04-01 19:55:01 - link_collector - INFO - Обработка запроса: site:music.yandex.ru меладзе валерий песни
2025-04-01 19:55:02 - link_collector - INFO - Найдена ссылка: https://music.yandex.ru/artist/41174
2025-04-01 19:55:02 - link_collector - INFO - Обработка запроса: site:music.yandex.ru слишком влюблен нервы
2025-04-01 19:55:02 - link_collector - INFO - Найдена ссылка: https://market.yandex.ru/search?text=%D0%9F%D0%B0%D1%80%D0%BA%D1%82%D1%80%D0%BE%D0%BD%D0%B8%D0%BA%D0%B8
2025-04-01 19:55:02 - link_collector - INFO - Обработка запроса: site:translate.yandex.ru drop
2025-04-01 19:55:03 - link_collector - INFO - Найдена ссылка: https://translate.yandex.ru/dictionary/%D0%90%D0%BD%D0%B3%D0%BB%D0%B8%D0%B9%D1%81%D0%BA%D0%B8%D0%B9-%D0%A0%D1%83%D1%81%D1%81%D0%BA%D0%B8%D0%B9/Drop
2025-04-01 19:55:03 - link_collector - INFO - Обработка запроса: site:tv.yandex.ru программа передач сургут
2025-04-01 19:55:06 - link_collector - INFO - Найдена ссылка: https://afisha.yandex.ru/kaliningrad
2025-04-01 19:55:06 - link_collector - INFO - Обработка запроса: site:kinopoisk.ru фильм ведьма 2015
2025-04-01 19:55:06 - link_collector - INFO - Найдена ссылка: https://books.yandex.ru/books
2025-04-01 19:55:06 - link_collector - INFO - Обработка запроса: site:books.yandex.ru автор аленький цветочек
2025-04-01 19:55:06 - link_collector - INFO - Найдена ссылка: https://books.yandex.ru/books/HEXGmbb1
2025-04-01 19:55:06 - link_collector - INFO - Обработка запроса: site:kinopoisk.ru последний бойскаут фильм 1991
2025-04-01 19:55:06 - link_collector - INFO - Найдена ссылка: https://www.kinopoisk.ru/film/865302/
2025-04-01 19:55:06 - link_collector - INFO - Обработка запроса: site:www.kinopoisk.ru фильм ведьма 2015
2025-04-01 19:55:07 - link_collector - INFO - Найдена ссылка: https://www.kinopoisk.ru/film/3537/
2025-04-01 19:55:07 - link_collector - INFO - Обработка запроса: site:kinopoisk.ru ужасы 2016
2025-04-01 19:55:07 - link_collector - INFO - Найдена ссылка: https://www.kinopoisk.ru/film/865302/
2025-04-01 19:55:07 - link_collector - INFO - Обработка запроса: site:kinopoisk.ru охота на пиранью фильм 2006
2025-04-01 19:55:08 - link_collector - INFO - Найдена ссылка: https://www.kinopoisk.ru/lists/movies/genre--horror/year--2016/?b=films
2025-04-01 19:55:08 - link_collector - INFO - Обработка запроса: site:market.yandex.ru смарт часы мужские
2025-04-01 19:55:08 - link_collector - INFO - Найдена ссылка: https://taxi.yandex.ru/
2025-04-01 19:55:08 - link_collector - INFO - Обработка запроса: site:www.kinopoisk.ru полярный 2019 фильм
2025-04-01 19:55:08 - link_collector - INFO - Найдена ссылка: https://music.yandex.ru/?t
2025-04-01 19:55:08 - link_collector - INFO - Обработка запроса: site:market.yandex.ru маркет яндекс
2025-04-01 19:55:09 - link_collector - INFO - Найдена ссылка: https://www.kinopoisk.ru/film/1075556/
2025-04-01 19:55:09 - link_collector - INFO - Обработка запроса: site:www.kinopoisk.ru глаза змеи
2025-04-01 19:55:09 - link_collector - INFO - Найдена ссылка: https://www.kinopoisk.ru/film/4268/
2025-04-01 19:55:09 - link_collector - INFO - Обработка запроса: site:www.kinopoisk.ru полярный фильм 2019
2025-04-01 19:55:10 - link_collector - INFO - Найдена ссылка: https://tv.yandex.ru/973
2025-04-01 19:55:10 - link_collector - INFO - Обработка запроса: site:market.yandex.ru женские зимние куртки
2025-04-01 19:55:13 - link_collector - INFO - Найдена ссылка: https://afisha.yandex.ru/surgut/concert
2025-04-01 19:55:13 - link_collector - INFO - Обработка запроса: site:elama.ru авито про
2025-04-01 19:55:13 - link_collector - INFO - Найдена ссылка: https://tr-page.yandex.ru/translate?lang=en-ru&url=https%3A%2F%2Fwww.imdb.com%2Fname%2Fnm7263662%2F
2025-04-01 19:55:13 - link_collector - INFO - Обработка запроса: site:kinopoisk.ru гюльджемаль турецкий сериал
2025-04-01 19:55:13 - link_collector - INFO - Найдена ссылка: https://elama.ru/blog/kak-ustroen-professionalnyy-kabinet-avito-pro-i-zachem-on-prodavcu/
2025-04-01 19:55:13 - link_collector - INFO - Обработка запроса: site:yandex.ru сургут афиша
2025-04-01 19:55:14 - link_collector - INFO - Найдена ссылка: https://hd.kinopoisk.ru/film/5ff4011d826346eeb0b1f47f6f647bc8
2025-04-01 19:55:14 - link_collector - INFO - Обработка запроса: site:www.kinopoisk.ru гюльджемаль турецкий сериал
2025-04-01 19:55:14 - link_collector - INFO - Найдена ссылка: https://afisha.yandex.ru/surgut/concert
2025-04-01 19:55:14 - link_collector - INFO - Обработка запроса: site:yandex.ru каракатица
2025-04-01 19:55:14 - link_collector - INFO - Найдена ссылка: https://www.kinopoisk.ru/film/161141/
2025-04-01 19:55:14 - link_collector - INFO - Обработка запроса: site:market.yandex.ru прокладки
2025-04-01 19:55:15 - link_collector - INFO - Найдена ссылка: https://music.yandex.ru/album/3499464/track/48591476
2025-04-01 19:55:15 - link_collector - INFO - Обработка запроса: site:music.yandex.ru песни аниме
2025-04-01 19:55:15 - link_collector - INFO - Найдена ссылка: https://music.yandex.ru/genre/%D0%B0%D0%BD%D0%B8%D0%BC%D0%B5/albums
2025-04-01 19:55:15 - link_collector - INFO - Обработка запроса: site:music.yandex.ru careless whisper текст
2025-04-01 19:55:16 - link_collector - INFO - Найдена ссылка: https://music.yandex.ru/translate/track/628660
2025-04-01 19:55:16 - link_collector - INFO - Обработка запроса: site:plus.yandex.ru яндекс плюс вход
2025-04-01 19:55:16 - link_collector - INFO - Найдена ссылка: https://plus.yandex.ru/
2025-04-01 19:55:16 - link_collector - INFO - Обработка запроса: site:translate.yandex.ru source
2025-04-01 19:55:18 - link_collector - INFO - Найдена ссылка: https://tv.yandex.ru/65?grid=all&period=all-day
2025-04-01 19:55:18 - link_collector - INFO - Обработка запроса: site:tv.yandex.ru тв программа новосибирск на сегодня все каналы
2025-04-01 19:55:19 - link_collector - INFO - Найдена ссылка: https://tv.yandex.ru/65?grid=all&period=all-day
2025-04-01 19:55:19 - link_collector - INFO - Обработка запроса: site:www.kinopoisk.ru три богатыря 2024
2025-04-01 19:55:19 - link_collector - INFO - Найдена ссылка: https://market.yandex.ru/
2025-04-01 19:55:19 - link_collector - INFO - Обработка запроса: site:yandex.ru маркет яндекс
2025-04-01 19:55:19 - link_collector - INFO - Найдена ссылка: https://www.kinopoisk.ru/series/5582020/
2025-04-01 19:55:19 - link_collector - INFO - Обработка запроса: site:www.kinopoisk.ru рами малек фильмы
2025-04-01 19:55:20 - link_collector - INFO - Найдена ссылка: https://www.kinopoisk.ru/name/1089891/
2025-04-01 19:55:20 - link_collector - INFO - Обработка запроса: site:kinopoisk.ru белоснежка и охотник фильм 2012
2025-04-01 19:55:21 - link_collector - INFO - Найдена ссылка: https://market.yandex.ru/search?text=%D0%B7%D0%B8%D0%BC%D0%BD%D0%B8%D0%B5%20%D0%BA%D1%83%D1%80%D1%82%D0%BA%D0%B8%20%D0%B6%D0%B5%D0%BD%D1%81%D0%BA%D0%B8%D0%B5
2025-04-01 19:55:21 - link_collector - INFO - Обработка запроса: site:market.yandex.ru зимние женские куртки
2025-04-01 19:55:21 - link_collector - INFO - Найдена ссылка: https://tr-page.yandex.ru/translate?lang=en-ru&url=https%3A%2F%2Fen.wikipedia.org%2Fwiki%2FOleg_Gazmanov
2025-04-01 19:55:21 - link_collector - INFO - Обработка запроса: site:yandex.ru ямайка
2025-04-01 19:55:25 - link_collector - INFO - Найдена ссылка: https://market.yandex.ru/search?text=%D1%81%D0%BA%D0%BE%D0%BB%D1%8C%D0%BA%D0%BE%20%D1%81%D1%82%D0%BE%D1%8F%D1%82%20%D0%B6%D0%B5%D0%BD%D1%81%D0%BA%D0%B8%D0%B5%20%D0%BF%D1%80%D0%BE%D0%BA%D0%BB%D0%B0%D0%B4%D0%BA%D0%B8
2025-04-01 19:55:25 - link_collector - INFO - Обработка запроса: site:www.kinopoisk.ru охота на пиранью фильм 2006
2025-04-01 19:55:26 - link_collector - INFO - Найдена ссылка: https://www.kinopoisk.ru/film/161141/
2025-04-01 19:55:26 - link_collector - INFO - Обработка запроса: site:kinopoisk.ru зигзаг удачи фильм
2025-04-01 19:55:26 - link_collector - INFO - Найдена ссылка: https://www.kinopoisk.ru/film/255379/
2025-04-01 19:55:26 - link_collector - INFO - Обработка запроса: site:www.kinopoisk.ru фильм на игле
2025-04-01 19:55:26 - link_collector - INFO - Найдена ссылка: https://www.kinopoisk.ru/film/45352/
2025-04-01 19:55:26 - link_collector - INFO - Обработка запроса: site:www.kinopoisk.ru зигзаг удачи фильм
2025-04-01 19:55:27 - link_collector - INFO - Найдена ссылка: https://www.kinopoisk.ru/film/515/
2025-04-01 19:55:27 - link_collector - INFO - Обработка запроса: site:afisha.yandex.ru купить билеты в кино
2025-04-01 19:55:27 - link_collector - INFO - Найдена ссылка: https://afisha.yandex.ru/moscow/selections/cinema-today
2025-04-01 19:55:27 - link_collector - INFO - Обработка запроса: site:kinopoisk.ru на дерибасовской хорошая погода или на брайтон бич опять идут дожди фильм 1992 актеры
2025-04-01 19:55:29 - link_collector - INFO - Найдена ссылка: https://uslugi.yandex.ru/1-moscow-and-moscow-oblast/category/remont-i-stroitelstvo/okna-i-balkonyi/remont-okon--1725
2025-04-01 19:55:29 - link_collector - INFO - Обработка запроса: site:kinopoisk.ru трансформеры последний рыцарь
2025-04-01 19:55:29 - link_collector - INFO - Найдена ссылка: https://www.kinopoisk.ru/film/811609/
2025-04-01 19:55:29 - link_collector - INFO - Обработка запроса: site:www.kinopoisk.ru трансформеры последний рыцарь
2025-04-01 19:55:30 - link_collector - INFO - Найдена ссылка: https://hd.kinopoisk.ru/film/4080b9367f08a0c98ab7c236cf313c24
2025-04-01 19:55:30 - link_collector - INFO - Обработка запроса: site:kinopoisk.ru паранойя фильм 2007
2025-04-01 19:55:30 - link_collector - INFO - Найдена ссылка: https://market.yandex.ru/
2025-04-01 19:55:30 - link_collector - INFO - Обработка запроса: site:market.yandex.ru яндекс маркет
2025-04-01 19:55:30 - link_collector - INFO - Найдена ссылка: https://www.kinopoisk.ru/film/811609/
2025-04-01 19:55:30 - link_collector - INFO - Обработка запроса: site:kinopoisk.ru алеша попович и тугарин змей смотреть онлайн бесплатно в хорошем качестве
2025-04-01 19:55:30 - link_collector - INFO - Найдена ссылка: https://www.kinopoisk.ru/film/252268/
2025-04-01 19:55:30 - link_collector - INFO - Обработка запроса: site:kinopoisk.ru стамбульская невеста сериал 2017 2019
2025-04-01 19:55:31 - link_collector - INFO - Найдена ссылка: https://www.kinopoisk.ru/series/1045758/
2025-04-01 19:55:31 - link_collector - INFO - Обработка запроса: site:market.yandex.ru яндекс с алисой колонка
2025-04-01 19:55:31 - link_collector - INFO - Найдена ссылка: https://market.yandex.ru/search?text=%D0%B7%D0%B8%D0%BC%D0%BD%D0%B8%D0%B5%20%D0%BA%D1%83%D1%80%D1%82%D0%BA%D0%B8%20%D0%B6%D0%B5%D0%BD%D1%81%D0%BA%D0%B8%D0%B5
2025-04-01 19:55:31 - link_collector - INFO - Обработка запроса: site:market.yandex.ru женские куртки зимние
2025-04-01 19:55:33 - link_collector - INFO - Найдена ссылка: https://translate.yandex.ru/dictionary/%D0%90%D0%BD%D0%B3%D0%BB%D0%B8%D0%B9%D1%81%D0%BA%D0%B8%D0%B9-%D0%A0%D1%83%D1%81%D1%81%D0%BA%D0%B8%D0%B9/source
2025-04-01 19:55:33 - link_collector - INFO - Обработка запроса: site:tv.yandex.by программа передач нтв на сегодня омск
2025-04-01 19:55:33 - link_collector - INFO - Найдена ссылка: https://tv.yandex.by/66?grid=all
2025-04-01 19:55:33 - link_collector - INFO - Обработка запроса: site:tv.yandex.by программа передач на сегодня омск нтв
2025-04-01 19:55:34 - link_collector - INFO - Найдена ссылка: https://tv.yandex.by/66?grid=all
2025-04-01 19:55:34 - link_collector - INFO - Обработка запроса: site:tv.yandex.by нтв программа передач на сегодня омск
2025-04-01 19:55:34 - link_collector - INFO - Найдена ссылка: https://www.kinopoisk.ru/film/41531/cast/
2025-04-01 19:55:34 - link_collector - INFO - Обработка запроса: site:kinopoisk.ru непокорная сериал 2017
2025-04-01 19:55:34 - link_collector - INFO - Найдена ссылка: https://tr-page.yandex.ru/translate?lang=en-ru&url=https%3A%2F%2Fen.wikipedia.org%2Fwiki%2FCuttlefish
2025-04-01 19:55:34 - link_collector - INFO - Обработка запроса: site:yandex.ru погода спб яндекс
2025-04-01 19:55:35 - link_collector - INFO - Найдена ссылка: https://www.kinopoisk.ru/series/1007570/
2025-04-01 19:55:35 - link_collector - INFO - Обработка запроса: site:music.yandex.ru очарованный странник
2025-04-01 19:55:35 - link_collector - INFO - Найдена ссылка: https://music.yandex.ru/album/25827454
2025-04-01 19:55:35 - link_collector - INFO - Обработка запроса: site:www.kinopoisk.ru на дерибасовской хорошая погода или на брайтон бич опять идут дожди фильм 1992 актеры
2025-04-01 19:55:37 - link_collector - INFO - Найдена ссылка: https://www.kinopoisk.ru/film/1075556/
2025-04-01 19:55:37 - link_collector - INFO - Обработка запроса: site:www.kinopoisk.ru ювентус милан прямая трансляция
2025-04-01 19:55:42 - link_collector - INFO - Найдена ссылка: https://tr-page.yandex.ru/translate?lang=en-ru&url=https%3A%2F%2Fen.wikipedia.org%2Fwiki%2FJamaica
2025-04-01 19:55:42 - link_collector - INFO - Обработка запроса: site:yandex.ru оргазмы женские
2025-04-01 19:55:42 - link_collector - INFO - Найдена ссылка: https://market.yandex.ru/search?text=%D0%B7%D0%B8%D0%BC%D0%BD%D0%B8%D0%B5%20%D0%BA%D1%83%D1%80%D1%82%D0%BA%D0%B8%20%D0%B6%D0%B5%D0%BD%D1%81%D0%BA%D0%B8%D0%B5
2025-04-01 19:55:42 - link_collector - INFO - Обработка запроса: site:music.yandex.ru анна герман когда цвели сады
2025-04-01 19:55:43 - link_collector - INFO - Найдена ссылка: https://market.yandex.ru/search?text=%D1%81%D0%BC%D0%B0%D1%80%D1%82%20%D1%87%D0%B0%D1%81%D1%8B%20%D0%BC%D1%83%D0%B6%D1%81%D0%BA%D0%B8%D0%B5
2025-04-01 19:55:43 - link_collector - INFO - Обработка запроса: site:music.yandex.ru текст песни маленькой елочке холодно зимой
2025-04-01 19:55:43 - link_collector - INFO - Найдена ссылка: https://music.yandex.ru/album/35124136/track/135502734
2025-04-01 19:55:43 - link_collector - INFO - Обработка запроса: site:www.kinopoisk.ru последний бойскаут фильм 1991
2025-04-01 19:55:44 - link_collector - INFO - Найдена ссылка: https://www.kinopoisk.ru/film/3537/
2025-04-01 19:55:44 - link_collector - INFO - Обработка запроса: site:www.kinopoisk.ru ужасы 2016
2025-04-01 19:55:45 - link_collector - INFO - Найдена ссылка: https://www.kinopoisk.ru/lists/movies/genre--horror/year--2016/?b=films
2025-04-01 19:55:45 - link_collector - INFO - Обработка запроса: site:yandex.kz галактика кинотеатр уральск расписание
2025-04-01 19:55:49 - link_collector - INFO - Найдена ссылка: https://hd.kinopoisk.ru/film/457d02b3596858888f563f72e3d12b4b
2025-04-01 19:55:49 - link_collector - INFO - Обработка запроса: site:translate.yandex.ru украинский русский переводчик
2025-04-01 19:55:49 - link_collector - INFO - Найдена ссылка: https://translate.yandex.ru/translator/%D0%A3%D0%BA%D1%80%D0%B0%D0%B8%D0%BD%D1%81%D0%BA%D0%B8%D0%B9-%D0%A0%D1%83%D1%81%D1%81%D0%BA%D0%B8%D0%B9
2025-04-01 19:55:49 - link_collector - INFO - Обработка запроса: site:translate.yandex.ru русский украинский переводчик
2025-04-01 19:55:50 - link_collector - INFO - Найдена ссылка: https://translate.yandex.ru/translator/%D0%A0%D1%83%D1%81%D1%81%D0%BA%D0%B8%D0%B9-%D0%A3%D0%BA%D1%80%D0%B0%D0%B8%D0%BD%D1%81%D0%BA%D0%B8%D0%B9
2025-04-01 19:55:50 - link_collector - INFO - Обработка запроса: site:www.kinopoisk.ru алеша попович и тугарин змей смотреть онлайн бесплатно в хорошем качестве
2025-04-01 19:55:59 - link_collector - INFO - Найдена ссылка: https://market.yandex.ru/
2025-04-01 19:55:59 - link_collector - INFO - Обработка запроса: site:yandex.ru яндекс маркет
2025-04-01 19:56:03 - link_collector - INFO - Найдена ссылка: https://www.kinopoisk.ru/series/5212502/
2025-04-01 19:56:03 - link_collector - INFO - Обработка запроса: site:yandex.ru стоны порно
2025-04-01 19:56:03 - link_collector - INFO - Найдена ссылка: https://yandex.ru/video/preview/2664788270557546758
2025-04-01 19:56:03 - link_collector - INFO - Обработка запроса: site:yandex.ru аэропорт пулково
2025-04-01 19:56:10 - link_collector - INFO - Найдена ссылка: https://market.yandex.ru/
2025-04-01 19:56:10 - link_collector - INFO - Обработка запроса: site:tv.yandex.ru тв программа
2025-04-01 19:56:10 - link_collector - INFO - Найдена ссылка: https://tv.yandex.ru/213
2025-04-01 19:56:10 - link_collector - INFO - Обработка запроса: site:yandex.ru тв программа
2025-04-01 19:56:11 - link_collector - INFO - Найдена ссылка: https://tv.yandex.ru/213
2025-04-01 19:56:11 - link_collector - INFO - Обработка запроса: site:tv.yandex.ru программа тв
2025-04-01 19:56:24 - link_collector - INFO - Найдена ссылка: https://tr-page.yandex.ru/translate?lang=en-ru&url=https%3A%2F%2Fen.wikipedia.org%2Fwiki%2FPulkovo_Airport
2025-04-01 19:56:24 - link_collector - INFO - Обработка запроса: site:yandex.ru тина тернер
